nohup: no se tendrá en cuenta la entrada
/home/jiahui/miniconda3/lib/python3.9/site-packages/requests/__init__.py:102: RequestsDependencyWarning: urllib3 (1.26.8) or chardet (5.0.0)/charset_normalizer (2.0.4) doesn't match a supported version!
  warnings.warn("urllib3 ({}) or chardet ({})/charset_normalizer ({}) doesn't match a supported "
Device: cuda
============ Train epoch 0 ============
 MNIST      | Train Loss: 2.2024 | Train Acc: 0.1346
 SVHN       | Train Loss: 2.2450 | Train Acc: 0.1817
 USPS       | Train Loss: 2.1042 | Train Acc: 0.2719
 SynthDigits| Train Loss: 2.2381 | Train Acc: 0.1871
 MNIST-M    | Train Loss: 2.1937 | Train Acc: 0.2961
 MNIST      | Test  Loss: 2.1834 | Test  Acc: 0.1406
 SVHN       | Test  Loss: 2.2573 | Test  Acc: 0.1592
 USPS       | Test  Loss: 2.1044 | Test  Acc: 0.2785
 SynthDigits| Test  Loss: 2.2505 | Test  Acc: 0.1920
 MNIST-M    | Test  Loss: 2.2026 | Test  Acc: 0.2530
============ Train epoch 1 ============
 MNIST      | Train Loss: 1.3578 | Train Acc: 0.6205
 SVHN       | Train Loss: 1.9215 | Train Acc: 0.4455
 USPS       | Train Loss: 0.9958 | Train Acc: 0.8856
 SynthDigits| Train Loss: 1.6457 | Train Acc: 0.5626
 MNIST-M    | Train Loss: 1.4750 | Train Acc: 0.6285
 MNIST      | Test  Loss: 1.3328 | Test  Acc: 0.6396
 SVHN       | Test  Loss: 2.0553 | Test  Acc: 0.3454
 USPS       | Test  Loss: 1.0411 | Test  Acc: 0.8581
 SynthDigits| Test  Loss: 1.8062 | Test  Acc: 0.4299
 MNIST-M    | Test  Loss: 1.6880 | Test  Acc: 0.4691
============ Train epoch 2 ============
 MNIST      | Train Loss: 0.8623 | Train Acc: 0.7658
 SVHN       | Train Loss: 1.5286 | Train Acc: 0.6151
 USPS       | Train Loss: 0.5452 | Train Acc: 0.9341
 SynthDigits| Train Loss: 1.2619 | Train Acc: 0.6581
 MNIST-M    | Train Loss: 1.0842 | Train Acc: 0.7470
 MNIST      | Test  Loss: 0.8922 | Test  Acc: 0.7464
 SVHN       | Test  Loss: 1.8059 | Test  Acc: 0.4386
 USPS       | Test  Loss: 0.6081 | Test  Acc: 0.9086
 SynthDigits| Test  Loss: 1.5215 | Test  Acc: 0.5232
 MNIST-M    | Test  Loss: 1.3914 | Test  Acc: 0.5638
============ Train epoch 3 ============
 MNIST      | Train Loss: 0.5753 | Train Acc: 0.9139
 SVHN       | Train Loss: 1.2554 | Train Acc: 0.7187
 USPS       | Train Loss: 0.4725 | Train Acc: 0.9273
 SynthDigits| Train Loss: 0.9463 | Train Acc: 0.8022
 MNIST-M    | Train Loss: 0.8980 | Train Acc: 0.8425
 MNIST      | Test  Loss: 0.6390 | Test  Acc: 0.8641
 SVHN       | Test  Loss: 1.6050 | Test  Acc: 0.5193
 USPS       | Test  Loss: 0.5389 | Test  Acc: 0.8946
 SynthDigits| Test  Loss: 1.2653 | Test  Acc: 0.6275
 MNIST-M    | Test  Loss: 1.2246 | Test  Acc: 0.6446
============ Train epoch 4 ============
 MNIST      | Train Loss: 0.4441 | Train Acc: 0.9273
 SVHN       | Train Loss: 1.0955 | Train Acc: 0.7712
 USPS       | Train Loss: 0.2798 | Train Acc: 0.9596
 SynthDigits| Train Loss: 0.7718 | Train Acc: 0.8493
 MNIST-M    | Train Loss: 0.7364 | Train Acc: 0.8546
 MNIST      | Test  Loss: 0.5273 | Test  Acc: 0.8906
 SVHN       | Test  Loss: 1.4891 | Test  Acc: 0.5593
 USPS       | Test  Loss: 0.3722 | Test  Acc: 0.9290
 SynthDigits| Test  Loss: 1.1188 | Test  Acc: 0.6743
 MNIST-M    | Test  Loss: 1.1226 | Test  Acc: 0.6637
============ Train epoch 5 ============
 MNIST      | Train Loss: 0.2849 | Train Acc: 0.9690
 SVHN       | Train Loss: 0.9429 | Train Acc: 0.8143
 USPS       | Train Loss: 0.2255 | Train Acc: 0.9731
 SynthDigits| Train Loss: 0.5893 | Train Acc: 0.9179
 MNIST-M    | Train Loss: 0.6194 | Train Acc: 0.8923
 MNIST      | Test  Loss: 0.3716 | Test  Acc: 0.9352
 SVHN       | Test  Loss: 1.3915 | Test  Acc: 0.5825
 USPS       | Test  Loss: 0.3212 | Test  Acc: 0.9290
 SynthDigits| Test  Loss: 0.9544 | Test  Acc: 0.7332
 MNIST-M    | Test  Loss: 1.0551 | Test  Acc: 0.6725
============ Train epoch 6 ============
 MNIST      | Train Loss: 0.3696 | Train Acc: 0.9327
 SVHN       | Train Loss: 0.9445 | Train Acc: 0.7820
 USPS       | Train Loss: 0.2297 | Train Acc: 0.9637
 SynthDigits| Train Loss: 0.5984 | Train Acc: 0.8708
 MNIST-M    | Train Loss: 0.5930 | Train Acc: 0.8896
 MNIST      | Test  Loss: 0.4388 | Test  Acc: 0.8932
 SVHN       | Test  Loss: 1.4179 | Test  Acc: 0.5501
 USPS       | Test  Loss: 0.3294 | Test  Acc: 0.9269
 SynthDigits| Test  Loss: 1.0157 | Test  Acc: 0.6875
 MNIST-M    | Test  Loss: 1.0753 | Test  Acc: 0.6555
============ Train epoch 7 ============
 MNIST      | Train Loss: 0.2751 | Train Acc: 0.9650
 SVHN       | Train Loss: 0.7163 | Train Acc: 0.8466
 USPS       | Train Loss: 0.1683 | Train Acc: 0.9744
 SynthDigits| Train Loss: 0.4828 | Train Acc: 0.9071
 MNIST-M    | Train Loss: 0.3931 | Train Acc: 0.9704
 MNIST      | Test  Loss: 0.3848 | Test  Acc: 0.9121
 SVHN       | Test  Loss: 1.2710 | Test  Acc: 0.6058
 USPS       | Test  Loss: 0.2723 | Test  Acc: 0.9419
 SynthDigits| Test  Loss: 0.9179 | Test  Acc: 0.7174
 MNIST-M    | Test  Loss: 0.8986 | Test  Acc: 0.7337
============ Train epoch 8 ============
 MNIST      | Train Loss: 0.1802 | Train Acc: 0.9785
 SVHN       | Train Loss: 0.6311 | Train Acc: 0.8775
 USPS       | Train Loss: 0.1385 | Train Acc: 0.9744
 SynthDigits| Train Loss: 0.3729 | Train Acc: 0.9475
 MNIST-M    | Train Loss: 0.3250 | Train Acc: 0.9731
 MNIST      | Test  Loss: 0.2971 | Test  Acc: 0.9349
 SVHN       | Test  Loss: 1.2505 | Test  Acc: 0.6043
 USPS       | Test  Loss: 0.2491 | Test  Acc: 0.9425
 SynthDigits| Test  Loss: 0.8449 | Test  Acc: 0.7416
 MNIST-M    | Test  Loss: 0.8702 | Test  Acc: 0.7284
============ Train epoch 9 ============
 MNIST      | Train Loss: 0.1323 | Train Acc: 0.9892
 SVHN       | Train Loss: 0.5139 | Train Acc: 0.9260
 USPS       | Train Loss: 0.0931 | Train Acc: 0.9906
 SynthDigits| Train Loss: 0.2945 | Train Acc: 0.9731
 MNIST-M    | Train Loss: 0.2435 | Train Acc: 0.9892
 MNIST      | Test  Loss: 0.2547 | Test  Acc: 0.9426
 SVHN       | Test  Loss: 1.1636 | Test  Acc: 0.6432
 USPS       | Test  Loss: 0.2184 | Test  Acc: 0.9457
 SynthDigits| Test  Loss: 0.7658 | Test  Acc: 0.7749
 MNIST-M    | Test  Loss: 0.8032 | Test  Acc: 0.7586
============ Train epoch 10 ============
 MNIST      | Train Loss: 0.1146 | Train Acc: 0.9933
 SVHN       | Train Loss: 0.4852 | Train Acc: 0.9246
 USPS       | Train Loss: 0.0891 | Train Acc: 0.9919
 SynthDigits| Train Loss: 0.2961 | Train Acc: 0.9664
 MNIST-M    | Train Loss: 0.2652 | Train Acc: 0.9852
 MNIST      | Test  Loss: 0.2470 | Test  Acc: 0.9441
 SVHN       | Test  Loss: 1.1486 | Test  Acc: 0.6494
 USPS       | Test  Loss: 0.1983 | Test  Acc: 0.9543
 SynthDigits| Test  Loss: 0.7819 | Test  Acc: 0.7662
 MNIST-M    | Test  Loss: 0.8442 | Test  Acc: 0.7360
============ Train epoch 11 ============
 MNIST      | Train Loss: 0.0904 | Train Acc: 0.9987
 SVHN       | Train Loss: 0.4039 | Train Acc: 0.9475
 USPS       | Train Loss: 0.0796 | Train Acc: 0.9906
 SynthDigits| Train Loss: 0.2361 | Train Acc: 0.9879
 MNIST-M    | Train Loss: 0.2110 | Train Acc: 0.9919
 MNIST      | Test  Loss: 0.2146 | Test  Acc: 0.9492
 SVHN       | Test  Loss: 1.1170 | Test  Acc: 0.6542
 USPS       | Test  Loss: 0.2054 | Test  Acc: 0.9500
 SynthDigits| Test  Loss: 0.7316 | Test  Acc: 0.7803
 MNIST-M    | Test  Loss: 0.8170 | Test  Acc: 0.7473
============ Train epoch 12 ============
 MNIST      | Train Loss: 0.0994 | Train Acc: 0.9933
 SVHN       | Train Loss: 0.3650 | Train Acc: 0.9462
 USPS       | Train Loss: 0.0704 | Train Acc: 0.9960
 SynthDigits| Train Loss: 0.2150 | Train Acc: 0.9812
 MNIST-M    | Train Loss: 0.1754 | Train Acc: 0.9973
 MNIST      | Test  Loss: 0.2339 | Test  Acc: 0.9433
 SVHN       | Test  Loss: 1.1285 | Test  Acc: 0.6360
 USPS       | Test  Loss: 0.2064 | Test  Acc: 0.9527
 SynthDigits| Test  Loss: 0.7479 | Test  Acc: 0.7683
 MNIST-M    | Test  Loss: 0.7813 | Test  Acc: 0.7579
============ Train epoch 13 ============
 MNIST      | Train Loss: 0.0660 | Train Acc: 0.9973
 SVHN       | Train Loss: 0.3503 | Train Acc: 0.9596
 USPS       | Train Loss: 0.0497 | Train Acc: 0.9987
 SynthDigits| Train Loss: 0.1792 | Train Acc: 0.9879
 MNIST-M    | Train Loss: 0.1746 | Train Acc: 0.9919
 MNIST      | Test  Loss: 0.2010 | Test  Acc: 0.9503
 SVHN       | Test  Loss: 1.0970 | Test  Acc: 0.6592
 USPS       | Test  Loss: 0.1816 | Test  Acc: 0.9543
 SynthDigits| Test  Loss: 0.7157 | Test  Acc: 0.7788
 MNIST-M    | Test  Loss: 0.8033 | Test  Acc: 0.7474
============ Train epoch 14 ============
 MNIST      | Train Loss: 0.0936 | Train Acc: 0.9946
 SVHN       | Train Loss: 0.2969 | Train Acc: 0.9865
 USPS       | Train Loss: 0.0895 | Train Acc: 0.9865
 SynthDigits| Train Loss: 0.1572 | Train Acc: 0.9933
 MNIST-M    | Train Loss: 0.1418 | Train Acc: 0.9973
 MNIST      | Test  Loss: 0.2489 | Test  Acc: 0.9319
 SVHN       | Test  Loss: 1.0694 | Test  Acc: 0.6701
 USPS       | Test  Loss: 0.2209 | Test  Acc: 0.9473
 SynthDigits| Test  Loss: 0.6978 | Test  Acc: 0.7859
 MNIST-M    | Test  Loss: 0.7585 | Test  Acc: 0.7681
============ Train epoch 15 ============
 MNIST      | Train Loss: 0.0447 | Train Acc: 1.0000
 SVHN       | Train Loss: 0.2441 | Train Acc: 0.9812
 USPS       | Train Loss: 0.0463 | Train Acc: 1.0000
 SynthDigits| Train Loss: 0.1328 | Train Acc: 0.9960
 MNIST-M    | Train Loss: 0.1167 | Train Acc: 0.9973
 MNIST      | Test  Loss: 0.1744 | Test  Acc: 0.9564
 SVHN       | Test  Loss: 1.0393 | Test  Acc: 0.6767
 USPS       | Test  Loss: 0.1713 | Test  Acc: 0.9500
 SynthDigits| Test  Loss: 0.6824 | Test  Acc: 0.7912
 MNIST-M    | Test  Loss: 0.7479 | Test  Acc: 0.7696
============ Train epoch 16 ============
 MNIST      | Train Loss: 0.0576 | Train Acc: 1.0000
 SVHN       | Train Loss: 0.2030 | Train Acc: 0.9960
 USPS       | Train Loss: 0.0512 | Train Acc: 1.0000
 SynthDigits| Train Loss: 0.1242 | Train Acc: 0.9973
 MNIST-M    | Train Loss: 0.1176 | Train Acc: 0.9987
 MNIST      | Test  Loss: 0.1894 | Test  Acc: 0.9549
 SVHN       | Test  Loss: 1.0101 | Test  Acc: 0.6861
 USPS       | Test  Loss: 0.1868 | Test  Acc: 0.9489
 SynthDigits| Test  Loss: 0.6677 | Test  Acc: 0.7981
 MNIST-M    | Test  Loss: 0.7520 | Test  Acc: 0.7681
============ Train epoch 17 ============
 MNIST      | Train Loss: 0.0377 | Train Acc: 1.0000
 SVHN       | Train Loss: 0.1619 | Train Acc: 0.9987
 USPS       | Train Loss: 0.0402 | Train Acc: 0.9987
 SynthDigits| Train Loss: 0.1096 | Train Acc: 0.9960
 MNIST-M    | Train Loss: 0.0976 | Train Acc: 0.9987
 MNIST      | Test  Loss: 0.1774 | Test  Acc: 0.9536
 SVHN       | Test  Loss: 0.9949 | Test  Acc: 0.6921
 USPS       | Test  Loss: 0.1702 | Test  Acc: 0.9522
 SynthDigits| Test  Loss: 0.6823 | Test  Acc: 0.7862
 MNIST-M    | Test  Loss: 0.7294 | Test  Acc: 0.7764
============ Train epoch 18 ============
 MNIST      | Train Loss: 0.0313 | Train Acc: 1.0000
 SVHN       | Train Loss: 0.1526 | Train Acc: 0.9946
 USPS       | Train Loss: 0.0385 | Train Acc: 0.9987
 SynthDigits| Train Loss: 0.1008 | Train Acc: 1.0000
 MNIST-M    | Train Loss: 0.0850 | Train Acc: 1.0000
 MNIST      | Test  Loss: 0.1558 | Test  Acc: 0.9611
 SVHN       | Test  Loss: 0.9802 | Test  Acc: 0.6926
 USPS       | Test  Loss: 0.1744 | Test  Acc: 0.9554
 SynthDigits| Test  Loss: 0.6573 | Test  Acc: 0.7977
 MNIST-M    | Test  Loss: 0.7377 | Test  Acc: 0.7714
============ Train epoch 19 ============
 MNIST      | Train Loss: 0.0293 | Train Acc: 1.0000
 SVHN       | Train Loss: 0.1460 | Train Acc: 0.9960
 USPS       | Train Loss: 0.0335 | Train Acc: 1.0000
 SynthDigits| Train Loss: 0.0980 | Train Acc: 0.9973
 MNIST-M    | Train Loss: 0.0791 | Train Acc: 0.9987
 MNIST      | Test  Loss: 0.1607 | Test  Acc: 0.9564
 SVHN       | Test  Loss: 0.9945 | Test  Acc: 0.6876
 USPS       | Test  Loss: 0.1723 | Test  Acc: 0.9538
 SynthDigits| Test  Loss: 0.6714 | Test  Acc: 0.7927
 MNIST-M    | Test  Loss: 0.7276 | Test  Acc: 0.7704
============ Train epoch 20 ============
 MNIST      | Train Loss: 0.0236 | Train Acc: 1.0000
 SVHN       | Train Loss: 0.0993 | Train Acc: 0.9973
 USPS       | Train Loss: 0.0177 | Train Acc: 1.0000
 SynthDigits| Train Loss: 0.0794 | Train Acc: 0.9973
 MNIST-M    | Train Loss: 0.0616 | Train Acc: 0.9987
 MNIST      | Test  Loss: 0.1573 | Test  Acc: 0.9556
 SVHN       | Test  Loss: 0.9735 | Test  Acc: 0.6922
 USPS       | Test  Loss: 0.1516 | Test  Acc: 0.9597
 SynthDigits| Test  Loss: 0.6505 | Test  Acc: 0.7970
 MNIST-M    | Test  Loss: 0.6996 | Test  Acc: 0.7765
============ Train epoch 21 ============
 MNIST      | Train Loss: 0.0251 | Train Acc: 1.0000
 SVHN       | Train Loss: 0.1096 | Train Acc: 0.9973
 USPS       | Train Loss: 0.0223 | Train Acc: 1.0000
 SynthDigits| Train Loss: 0.0845 | Train Acc: 0.9987
 MNIST-M    | Train Loss: 0.0764 | Train Acc: 0.9973
 MNIST      | Test  Loss: 0.1567 | Test  Acc: 0.9569
 SVHN       | Test  Loss: 0.9730 | Test  Acc: 0.6893
 USPS       | Test  Loss: 0.1509 | Test  Acc: 0.9581
 SynthDigits| Test  Loss: 0.6488 | Test  Acc: 0.7978
 MNIST-M    | Test  Loss: 0.7573 | Test  Acc: 0.7548
============ Train epoch 22 ============
 MNIST      | Train Loss: 0.0213 | Train Acc: 1.0000
 SVHN       | Train Loss: 0.0914 | Train Acc: 0.9987
 USPS       | Train Loss: 0.0166 | Train Acc: 1.0000
 SynthDigits| Train Loss: 0.0638 | Train Acc: 0.9973
 MNIST-M    | Train Loss: 0.0505 | Train Acc: 1.0000
 MNIST      | Test  Loss: 0.1557 | Test  Acc: 0.9564
 SVHN       | Test  Loss: 0.9859 | Test  Acc: 0.6808
 USPS       | Test  Loss: 0.1470 | Test  Acc: 0.9591
 SynthDigits| Test  Loss: 0.6279 | Test  Acc: 0.8025
 MNIST-M    | Test  Loss: 0.6969 | Test  Acc: 0.7732
============ Train epoch 23 ============
 MNIST      | Train Loss: 0.0158 | Train Acc: 1.0000
 SVHN       | Train Loss: 0.0794 | Train Acc: 0.9987
 USPS       | Train Loss: 0.0178 | Train Acc: 1.0000
 SynthDigits| Train Loss: 0.0578 | Train Acc: 0.9987
 MNIST-M    | Train Loss: 0.0594 | Train Acc: 1.0000
 MNIST      | Test  Loss: 0.1362 | Test  Acc: 0.9611
 SVHN       | Test  Loss: 0.9879 | Test  Acc: 0.6830
 USPS       | Test  Loss: 0.1530 | Test  Acc: 0.9570
 SynthDigits| Test  Loss: 0.6199 | Test  Acc: 0.8044
 MNIST-M    | Test  Loss: 0.6984 | Test  Acc: 0.7744
============ Train epoch 24 ============
 MNIST      | Train Loss: 0.0228 | Train Acc: 1.0000
 SVHN       | Train Loss: 0.0898 | Train Acc: 0.9987
 USPS       | Train Loss: 0.0179 | Train Acc: 1.0000
 SynthDigits| Train Loss: 0.0644 | Train Acc: 0.9987
 MNIST-M    | Train Loss: 0.0542 | Train Acc: 1.0000
 MNIST      | Test  Loss: 0.1694 | Test  Acc: 0.9543
 SVHN       | Test  Loss: 1.0258 | Test  Acc: 0.6701
 USPS       | Test  Loss: 0.1540 | Test  Acc: 0.9586
 SynthDigits| Test  Loss: 0.6455 | Test  Acc: 0.7961
 MNIST-M    | Test  Loss: 0.7359 | Test  Acc: 0.7580
============ Train epoch 25 ============
 MNIST      | Train Loss: 0.0153 | Train Acc: 1.0000
 SVHN       | Train Loss: 0.0733 | Train Acc: 0.9987
 USPS       | Train Loss: 0.0228 | Train Acc: 1.0000
 SynthDigits| Train Loss: 0.0502 | Train Acc: 1.0000
 MNIST-M    | Train Loss: 0.0479 | Train Acc: 0.9987
 MNIST      | Test  Loss: 0.1386 | Test  Acc: 0.9619
 SVHN       | Test  Loss: 1.0071 | Test  Acc: 0.6765
 USPS       | Test  Loss: 0.1448 | Test  Acc: 0.9613
 SynthDigits| Test  Loss: 0.6236 | Test  Acc: 0.8039
 MNIST-M    | Test  Loss: 0.7104 | Test  Acc: 0.7707
============ Train epoch 26 ============
 MNIST      | Train Loss: 0.0180 | Train Acc: 1.0000
 SVHN       | Train Loss: 0.0988 | Train Acc: 0.9987
 USPS       | Train Loss: 0.0200 | Train Acc: 1.0000
 SynthDigits| Train Loss: 0.0648 | Train Acc: 1.0000
 MNIST-M    | Train Loss: 0.0496 | Train Acc: 0.9987
 MNIST      | Test  Loss: 0.1464 | Test  Acc: 0.9592
 SVHN       | Test  Loss: 1.0307 | Test  Acc: 0.6681
 USPS       | Test  Loss: 0.1456 | Test  Acc: 0.9575
 SynthDigits| Test  Loss: 0.6614 | Test  Acc: 0.7910
 MNIST-M    | Test  Loss: 0.7138 | Test  Acc: 0.7707
============ Train epoch 27 ============
 MNIST      | Train Loss: 0.0149 | Train Acc: 1.0000
 SVHN       | Train Loss: 0.0557 | Train Acc: 1.0000
 USPS       | Train Loss: 0.0181 | Train Acc: 1.0000
 SynthDigits| Train Loss: 0.0428 | Train Acc: 1.0000
 MNIST-M    | Train Loss: 0.0408 | Train Acc: 1.0000
 MNIST      | Test  Loss: 0.1424 | Test  Acc: 0.9609
 SVHN       | Test  Loss: 0.9654 | Test  Acc: 0.6920
 USPS       | Test  Loss: 0.1503 | Test  Acc: 0.9591
 SynthDigits| Test  Loss: 0.6112 | Test  Acc: 0.8090
 MNIST-M    | Test  Loss: 0.6957 | Test  Acc: 0.7780
============ Train epoch 28 ============
 MNIST      | Train Loss: 0.0106 | Train Acc: 1.0000
 SVHN       | Train Loss: 0.0460 | Train Acc: 1.0000
 USPS       | Train Loss: 0.0126 | Train Acc: 1.0000
 SynthDigits| Train Loss: 0.0331 | Train Acc: 1.0000
 MNIST-M    | Train Loss: 0.0351 | Train Acc: 1.0000
 MNIST      | Test  Loss: 0.1342 | Test  Acc: 0.9626
 SVHN       | Test  Loss: 0.9322 | Test  Acc: 0.7038
 USPS       | Test  Loss: 0.1434 | Test  Acc: 0.9613
 SynthDigits| Test  Loss: 0.5901 | Test  Acc: 0.8153
 MNIST-M    | Test  Loss: 0.6837 | Test  Acc: 0.7823
============ Train epoch 29 ============
 MNIST      | Train Loss: 0.0113 | Train Acc: 1.0000
 SVHN       | Train Loss: 0.0925 | Train Acc: 1.0000
 USPS       | Train Loss: 0.0280 | Train Acc: 0.9987
 SynthDigits| Train Loss: 0.0540 | Train Acc: 1.0000
 MNIST-M    | Train Loss: 0.0428 | Train Acc: 1.0000
 MNIST      | Test  Loss: 0.1406 | Test  Acc: 0.9585
 SVHN       | Test  Loss: 1.0059 | Test  Acc: 0.6805
 USPS       | Test  Loss: 0.1631 | Test  Acc: 0.9581
 SynthDigits| Test  Loss: 0.6238 | Test  Acc: 0.8042
 MNIST-M    | Test  Loss: 0.7016 | Test  Acc: 0.7762
============ Train epoch 30 ============
 MNIST      | Train Loss: 0.0088 | Train Acc: 1.0000
 SVHN       | Train Loss: 0.0369 | Train Acc: 1.0000
 USPS       | Train Loss: 0.0080 | Train Acc: 1.0000
 SynthDigits| Train Loss: 0.0275 | Train Acc: 1.0000
 MNIST-M    | Train Loss: 0.0274 | Train Acc: 1.0000
 MNIST      | Test  Loss: 0.1334 | Test  Acc: 0.9611
 SVHN       | Test  Loss: 0.9382 | Test  Acc: 0.7006
 USPS       | Test  Loss: 0.1444 | Test  Acc: 0.9629
 SynthDigits| Test  Loss: 0.5951 | Test  Acc: 0.8123
 MNIST-M    | Test  Loss: 0.6657 | Test  Acc: 0.7869
============ Train epoch 31 ============
 MNIST      | Train Loss: 0.0069 | Train Acc: 1.0000
 SVHN       | Train Loss: 0.0372 | Train Acc: 1.0000
 USPS       | Train Loss: 0.0066 | Train Acc: 1.0000
 SynthDigits| Train Loss: 0.0293 | Train Acc: 1.0000
 MNIST-M    | Train Loss: 0.0317 | Train Acc: 0.9987
 MNIST      | Test  Loss: 0.1317 | Test  Acc: 0.9612
 SVHN       | Test  Loss: 0.9396 | Test  Acc: 0.7036
 USPS       | Test  Loss: 0.1368 | Test  Acc: 0.9602
 SynthDigits| Test  Loss: 0.6039 | Test  Acc: 0.8100
 MNIST-M    | Test  Loss: 0.6716 | Test  Acc: 0.7851
============ Train epoch 32 ============
 MNIST      | Train Loss: 0.0065 | Train Acc: 1.0000
 SVHN       | Train Loss: 0.0317 | Train Acc: 1.0000
 USPS       | Train Loss: 0.0063 | Train Acc: 1.0000
 SynthDigits| Train Loss: 0.0266 | Train Acc: 1.0000
 MNIST-M    | Train Loss: 0.0224 | Train Acc: 1.0000
 MNIST      | Test  Loss: 0.1260 | Test  Acc: 0.9632
 SVHN       | Test  Loss: 0.9302 | Test  Acc: 0.7032
 USPS       | Test  Loss: 0.1410 | Test  Acc: 0.9602
 SynthDigits| Test  Loss: 0.5938 | Test  Acc: 0.8126
 MNIST-M    | Test  Loss: 0.6574 | Test  Acc: 0.7855
============ Train epoch 33 ============
 MNIST      | Train Loss: 0.0084 | Train Acc: 1.0000
 SVHN       | Train Loss: 0.0396 | Train Acc: 1.0000
 USPS       | Train Loss: 0.0137 | Train Acc: 1.0000
 SynthDigits| Train Loss: 0.0254 | Train Acc: 1.0000
 MNIST-M    | Train Loss: 0.0265 | Train Acc: 1.0000
 MNIST      | Test  Loss: 0.1315 | Test  Acc: 0.9626
 SVHN       | Test  Loss: 0.9413 | Test  Acc: 0.7021
 USPS       | Test  Loss: 0.1514 | Test  Acc: 0.9570
 SynthDigits| Test  Loss: 0.5961 | Test  Acc: 0.8129
 MNIST-M    | Test  Loss: 0.6638 | Test  Acc: 0.7854
============ Train epoch 34 ============
 MNIST      | Train Loss: 0.0075 | Train Acc: 1.0000
 SVHN       | Train Loss: 0.0314 | Train Acc: 1.0000
 USPS       | Train Loss: 0.0122 | Train Acc: 1.0000
 SynthDigits| Train Loss: 0.0253 | Train Acc: 1.0000
 MNIST-M    | Train Loss: 0.0211 | Train Acc: 1.0000
 MNIST      | Test  Loss: 0.1229 | Test  Acc: 0.9646
 SVHN       | Test  Loss: 0.9369 | Test  Acc: 0.7022
 USPS       | Test  Loss: 0.1394 | Test  Acc: 0.9629
 SynthDigits| Test  Loss: 0.6080 | Test  Acc: 0.8081
 MNIST-M    | Test  Loss: 0.6570 | Test  Acc: 0.7872
============ Train epoch 35 ============
 MNIST      | Train Loss: 0.0108 | Train Acc: 1.0000
 SVHN       | Train Loss: 0.0606 | Train Acc: 0.9987
 USPS       | Train Loss: 0.0149 | Train Acc: 1.0000
 SynthDigits| Train Loss: 0.0374 | Train Acc: 1.0000
 MNIST-M    | Train Loss: 0.0283 | Train Acc: 1.0000
 MNIST      | Test  Loss: 0.1369 | Test  Acc: 0.9626
 SVHN       | Test  Loss: 0.9769 | Test  Acc: 0.6912
 USPS       | Test  Loss: 0.1503 | Test  Acc: 0.9602
 SynthDigits| Test  Loss: 0.6406 | Test  Acc: 0.7990
 MNIST-M    | Test  Loss: 0.6865 | Test  Acc: 0.7787
============ Train epoch 36 ============
 MNIST      | Train Loss: 0.0053 | Train Acc: 1.0000
 SVHN       | Train Loss: 0.0344 | Train Acc: 1.0000
 USPS       | Train Loss: 0.0058 | Train Acc: 1.0000
 SynthDigits| Train Loss: 0.0192 | Train Acc: 1.0000
 MNIST-M    | Train Loss: 0.0177 | Train Acc: 1.0000
 MNIST      | Test  Loss: 0.1279 | Test  Acc: 0.9635
 SVHN       | Test  Loss: 0.9403 | Test  Acc: 0.6990
 USPS       | Test  Loss: 0.1294 | Test  Acc: 0.9618
 SynthDigits| Test  Loss: 0.5932 | Test  Acc: 0.8131
 MNIST-M    | Test  Loss: 0.6536 | Test  Acc: 0.7857
============ Train epoch 37 ============
 MNIST      | Train Loss: 0.0064 | Train Acc: 1.0000
 SVHN       | Train Loss: 0.0337 | Train Acc: 1.0000
 USPS       | Train Loss: 0.0060 | Train Acc: 1.0000
 SynthDigits| Train Loss: 0.0223 | Train Acc: 1.0000
 MNIST-M    | Train Loss: 0.0173 | Train Acc: 1.0000
 MNIST      | Test  Loss: 0.1278 | Test  Acc: 0.9629
 SVHN       | Test  Loss: 0.9404 | Test  Acc: 0.7064
 USPS       | Test  Loss: 0.1437 | Test  Acc: 0.9624
 SynthDigits| Test  Loss: 0.6009 | Test  Acc: 0.8128
 MNIST-M    | Test  Loss: 0.6519 | Test  Acc: 0.7862
============ Train epoch 38 ============
 MNIST      | Train Loss: 0.0055 | Train Acc: 1.0000
 SVHN       | Train Loss: 0.0220 | Train Acc: 1.0000
 USPS       | Train Loss: 0.0073 | Train Acc: 1.0000
 SynthDigits| Train Loss: 0.0184 | Train Acc: 1.0000
 MNIST-M    | Train Loss: 0.0200 | Train Acc: 1.0000
 MNIST      | Test  Loss: 0.1200 | Test  Acc: 0.9659
 SVHN       | Test  Loss: 0.9146 | Test  Acc: 0.7067
 USPS       | Test  Loss: 0.1341 | Test  Acc: 0.9629
 SynthDigits| Test  Loss: 0.5994 | Test  Acc: 0.8104
 MNIST-M    | Test  Loss: 0.6609 | Test  Acc: 0.7866
============ Train epoch 39 ============
 MNIST      | Train Loss: 0.0065 | Train Acc: 1.0000
 SVHN       | Train Loss: 0.0380 | Train Acc: 1.0000
 USPS       | Train Loss: 0.0061 | Train Acc: 1.0000
 SynthDigits| Train Loss: 0.0204 | Train Acc: 1.0000
 MNIST-M    | Train Loss: 0.0204 | Train Acc: 1.0000
 MNIST      | Test  Loss: 0.1333 | Test  Acc: 0.9605
 SVHN       | Test  Loss: 0.9539 | Test  Acc: 0.6975
 USPS       | Test  Loss: 0.1386 | Test  Acc: 0.9586
 SynthDigits| Test  Loss: 0.6094 | Test  Acc: 0.8084
 MNIST-M    | Test  Loss: 0.6527 | Test  Acc: 0.7882
============ Train epoch 40 ============
 MNIST      | Train Loss: 0.0050 | Train Acc: 1.0000
 SVHN       | Train Loss: 0.0241 | Train Acc: 1.0000
 USPS       | Train Loss: 0.0062 | Train Acc: 1.0000
 SynthDigits| Train Loss: 0.0168 | Train Acc: 1.0000
 MNIST-M    | Train Loss: 0.0147 | Train Acc: 1.0000
 MNIST      | Test  Loss: 0.1270 | Test  Acc: 0.9624
 SVHN       | Test  Loss: 0.9247 | Test  Acc: 0.7065
 USPS       | Test  Loss: 0.1354 | Test  Acc: 0.9624
 SynthDigits| Test  Loss: 0.5869 | Test  Acc: 0.8157
 MNIST-M    | Test  Loss: 0.6472 | Test  Acc: 0.7869
============ Train epoch 41 ============
 MNIST      | Train Loss: 0.0099 | Train Acc: 1.0000
 SVHN       | Train Loss: 0.0471 | Train Acc: 1.0000
 USPS       | Train Loss: 0.0151 | Train Acc: 1.0000
 SynthDigits| Train Loss: 0.0287 | Train Acc: 1.0000
 MNIST-M    | Train Loss: 0.0211 | Train Acc: 1.0000
 MNIST      | Test  Loss: 0.1397 | Test  Acc: 0.9591
 SVHN       | Test  Loss: 1.0099 | Test  Acc: 0.6793
 USPS       | Test  Loss: 0.1430 | Test  Acc: 0.9602
 SynthDigits| Test  Loss: 0.6256 | Test  Acc: 0.8012
 MNIST-M    | Test  Loss: 0.6843 | Test  Acc: 0.7756
============ Train epoch 42 ============
 MNIST      | Train Loss: 0.0057 | Train Acc: 1.0000
 SVHN       | Train Loss: 0.0286 | Train Acc: 1.0000
 USPS       | Train Loss: 0.0069 | Train Acc: 1.0000
 SynthDigits| Train Loss: 0.0165 | Train Acc: 1.0000
 MNIST-M    | Train Loss: 0.0136 | Train Acc: 1.0000
 MNIST      | Test  Loss: 0.1317 | Test  Acc: 0.9598
 SVHN       | Test  Loss: 0.9437 | Test  Acc: 0.7015
 USPS       | Test  Loss: 0.1346 | Test  Acc: 0.9645
 SynthDigits| Test  Loss: 0.5762 | Test  Acc: 0.8171
 MNIST-M    | Test  Loss: 0.6707 | Test  Acc: 0.7793
============ Train epoch 43 ============
 MNIST      | Train Loss: 0.0042 | Train Acc: 1.0000
 SVHN       | Train Loss: 0.0195 | Train Acc: 1.0000
 USPS       | Train Loss: 0.0044 | Train Acc: 1.0000
 SynthDigits| Train Loss: 0.0152 | Train Acc: 1.0000
 MNIST-M    | Train Loss: 0.0150 | Train Acc: 1.0000
 MNIST      | Test  Loss: 0.1216 | Test  Acc: 0.9644
 SVHN       | Test  Loss: 0.9160 | Test  Acc: 0.7093
 USPS       | Test  Loss: 0.1308 | Test  Acc: 0.9624
 SynthDigits| Test  Loss: 0.6084 | Test  Acc: 0.8078
 MNIST-M    | Test  Loss: 0.6534 | Test  Acc: 0.7888
============ Train epoch 44 ============
 MNIST      | Train Loss: 0.0072 | Train Acc: 1.0000
 SVHN       | Train Loss: 0.0243 | Train Acc: 1.0000
 USPS       | Train Loss: 0.0075 | Train Acc: 1.0000
 SynthDigits| Train Loss: 0.0211 | Train Acc: 1.0000
 MNIST-M    | Train Loss: 0.0158 | Train Acc: 1.0000
 MNIST      | Test  Loss: 0.1306 | Test  Acc: 0.9616
 SVHN       | Test  Loss: 0.9408 | Test  Acc: 0.7015
 USPS       | Test  Loss: 0.1326 | Test  Acc: 0.9613
 SynthDigits| Test  Loss: 0.6297 | Test  Acc: 0.8001
 MNIST-M    | Test  Loss: 0.6652 | Test  Acc: 0.7831
============ Train epoch 45 ============
 MNIST      | Train Loss: 0.0044 | Train Acc: 1.0000
 SVHN       | Train Loss: 0.0241 | Train Acc: 1.0000
 USPS       | Train Loss: 0.0044 | Train Acc: 1.0000
 SynthDigits| Train Loss: 0.0133 | Train Acc: 1.0000
 MNIST-M    | Train Loss: 0.0135 | Train Acc: 1.0000
 MNIST      | Test  Loss: 0.1291 | Test  Acc: 0.9617
 SVHN       | Test  Loss: 0.9498 | Test  Acc: 0.6988
 USPS       | Test  Loss: 0.1354 | Test  Acc: 0.9602
 SynthDigits| Test  Loss: 0.5870 | Test  Acc: 0.8140
 MNIST-M    | Test  Loss: 0.6441 | Test  Acc: 0.7897
============ Train epoch 46 ============
 MNIST      | Train Loss: 0.0087 | Train Acc: 1.0000
 SVHN       | Train Loss: 0.0269 | Train Acc: 1.0000
 USPS       | Train Loss: 0.0136 | Train Acc: 1.0000
 SynthDigits| Train Loss: 0.0184 | Train Acc: 1.0000
 MNIST-M    | Train Loss: 0.0182 | Train Acc: 0.9987
 MNIST      | Test  Loss: 0.1493 | Test  Acc: 0.9552
 SVHN       | Test  Loss: 0.9764 | Test  Acc: 0.6926
 USPS       | Test  Loss: 0.1421 | Test  Acc: 0.9608
 SynthDigits| Test  Loss: 0.6210 | Test  Acc: 0.8048
 MNIST-M    | Test  Loss: 0.6734 | Test  Acc: 0.7805
============ Train epoch 47 ============
 MNIST      | Train Loss: 0.0048 | Train Acc: 1.0000
 SVHN       | Train Loss: 0.0175 | Train Acc: 1.0000
 USPS       | Train Loss: 0.0191 | Train Acc: 1.0000
 SynthDigits| Train Loss: 0.0122 | Train Acc: 1.0000
 MNIST-M    | Train Loss: 0.0116 | Train Acc: 1.0000
 MNIST      | Test  Loss: 0.1296 | Test  Acc: 0.9620
 SVHN       | Test  Loss: 0.9292 | Test  Acc: 0.7063
 USPS       | Test  Loss: 0.1418 | Test  Acc: 0.9602
 SynthDigits| Test  Loss: 0.5930 | Test  Acc: 0.8132
 MNIST-M    | Test  Loss: 0.6512 | Test  Acc: 0.7874
============ Train epoch 48 ============
 MNIST      | Train Loss: 0.0066 | Train Acc: 1.0000
 SVHN       | Train Loss: 0.0242 | Train Acc: 1.0000
 USPS       | Train Loss: 0.0130 | Train Acc: 1.0000
 SynthDigits| Train Loss: 0.0169 | Train Acc: 1.0000
 MNIST-M    | Train Loss: 0.0177 | Train Acc: 1.0000
 MNIST      | Test  Loss: 0.1371 | Test  Acc: 0.9591
 SVHN       | Test  Loss: 0.9645 | Test  Acc: 0.6985
 USPS       | Test  Loss: 0.1413 | Test  Acc: 0.9597
 SynthDigits| Test  Loss: 0.5960 | Test  Acc: 0.8117
 MNIST-M    | Test  Loss: 0.6838 | Test  Acc: 0.7785
============ Train epoch 49 ============
 MNIST      | Train Loss: 0.0038 | Train Acc: 1.0000
 SVHN       | Train Loss: 0.0214 | Train Acc: 1.0000
 USPS       | Train Loss: 0.0110 | Train Acc: 1.0000
 SynthDigits| Train Loss: 0.0147 | Train Acc: 1.0000
 MNIST-M    | Train Loss: 0.0145 | Train Acc: 1.0000
 MNIST      | Test  Loss: 0.1167 | Test  Acc: 0.9664
 SVHN       | Test  Loss: 0.9441 | Test  Acc: 0.7001
 USPS       | Test  Loss: 0.1311 | Test  Acc: 0.9640
 SynthDigits| Test  Loss: 0.5820 | Test  Acc: 0.8172
 MNIST-M    | Test  Loss: 0.6673 | Test  Acc: 0.7814
============ Train epoch 50 ============
 MNIST      | Train Loss: 0.0030 | Train Acc: 1.0000
 SVHN       | Train Loss: 0.0179 | Train Acc: 1.0000
 USPS       | Train Loss: 0.0038 | Train Acc: 1.0000
 SynthDigits| Train Loss: 0.0115 | Train Acc: 1.0000
 MNIST-M    | Train Loss: 0.0099 | Train Acc: 1.0000
 MNIST      | Test  Loss: 0.1156 | Test  Acc: 0.9645
 SVHN       | Test  Loss: 0.9359 | Test  Acc: 0.7029
 USPS       | Test  Loss: 0.1254 | Test  Acc: 0.9634
 SynthDigits| Test  Loss: 0.5852 | Test  Acc: 0.8162
 MNIST-M    | Test  Loss: 0.6471 | Test  Acc: 0.7860
============ Train epoch 51 ============
 MNIST      | Train Loss: 0.0041 | Train Acc: 1.0000
 SVHN       | Train Loss: 0.0157 | Train Acc: 1.0000
 USPS       | Train Loss: 0.0053 | Train Acc: 1.0000
 SynthDigits| Train Loss: 0.0107 | Train Acc: 1.0000
 MNIST-M    | Train Loss: 0.0117 | Train Acc: 1.0000
 MNIST      | Test  Loss: 0.1170 | Test  Acc: 0.9657
 SVHN       | Test  Loss: 0.9126 | Test  Acc: 0.7117
 USPS       | Test  Loss: 0.1355 | Test  Acc: 0.9624
 SynthDigits| Test  Loss: 0.5735 | Test  Acc: 0.8192
 MNIST-M    | Test  Loss: 0.6529 | Test  Acc: 0.7846
============ Train epoch 52 ============
 MNIST      | Train Loss: 0.0037 | Train Acc: 1.0000
 SVHN       | Train Loss: 0.0164 | Train Acc: 1.0000
 USPS       | Train Loss: 0.0049 | Train Acc: 1.0000
 SynthDigits| Train Loss: 0.0124 | Train Acc: 1.0000
 MNIST-M    | Train Loss: 0.0132 | Train Acc: 1.0000
 MNIST      | Test  Loss: 0.1172 | Test  Acc: 0.9650
 SVHN       | Test  Loss: 0.9497 | Test  Acc: 0.7023
 USPS       | Test  Loss: 0.1302 | Test  Acc: 0.9618
 SynthDigits| Test  Loss: 0.5840 | Test  Acc: 0.8162
 MNIST-M    | Test  Loss: 0.6643 | Test  Acc: 0.7789
============ Train epoch 53 ============
 MNIST      | Train Loss: 0.0041 | Train Acc: 1.0000
 SVHN       | Train Loss: 0.0167 | Train Acc: 1.0000
 USPS       | Train Loss: 0.0063 | Train Acc: 1.0000
 SynthDigits| Train Loss: 0.0098 | Train Acc: 1.0000
 MNIST-M    | Train Loss: 0.0096 | Train Acc: 1.0000
 MNIST      | Test  Loss: 0.1329 | Test  Acc: 0.9602
 SVHN       | Test  Loss: 0.9194 | Test  Acc: 0.7123
 USPS       | Test  Loss: 0.1355 | Test  Acc: 0.9586
 SynthDigits| Test  Loss: 0.5887 | Test  Acc: 0.8153
 MNIST-M    | Test  Loss: 0.6400 | Test  Acc: 0.7886
============ Train epoch 54 ============
 MNIST      | Train Loss: 0.0039 | Train Acc: 1.0000
 SVHN       | Train Loss: 0.0122 | Train Acc: 1.0000
 USPS       | Train Loss: 0.0038 | Train Acc: 1.0000
 SynthDigits| Train Loss: 0.0098 | Train Acc: 1.0000
 MNIST-M    | Train Loss: 0.0123 | Train Acc: 1.0000
 MNIST      | Test  Loss: 0.1323 | Test  Acc: 0.9613
 SVHN       | Test  Loss: 0.9167 | Test  Acc: 0.7114
 USPS       | Test  Loss: 0.1186 | Test  Acc: 0.9640
 SynthDigits| Test  Loss: 0.5885 | Test  Acc: 0.8154
 MNIST-M    | Test  Loss: 0.6771 | Test  Acc: 0.7756
============ Train epoch 55 ============
 MNIST      | Train Loss: 0.0026 | Train Acc: 1.0000
 SVHN       | Train Loss: 0.0093 | Train Acc: 1.0000
 USPS       | Train Loss: 0.0025 | Train Acc: 1.0000
 SynthDigits| Train Loss: 0.0071 | Train Acc: 1.0000
 MNIST-M    | Train Loss: 0.0081 | Train Acc: 1.0000
 MNIST      | Test  Loss: 0.1173 | Test  Acc: 0.9650
 SVHN       | Test  Loss: 0.9023 | Test  Acc: 0.7198
 USPS       | Test  Loss: 0.1262 | Test  Acc: 0.9645
 SynthDigits| Test  Loss: 0.5716 | Test  Acc: 0.8209
 MNIST-M    | Test  Loss: 0.6474 | Test  Acc: 0.7867
============ Train epoch 56 ============
 MNIST      | Train Loss: 0.0025 | Train Acc: 1.0000
 SVHN       | Train Loss: 0.0090 | Train Acc: 1.0000
 USPS       | Train Loss: 0.0020 | Train Acc: 1.0000
 SynthDigits| Train Loss: 0.0073 | Train Acc: 1.0000
 MNIST-M    | Train Loss: 0.0070 | Train Acc: 1.0000
 MNIST      | Test  Loss: 0.1146 | Test  Acc: 0.9653
 SVHN       | Test  Loss: 0.8970 | Test  Acc: 0.7194
 USPS       | Test  Loss: 0.1256 | Test  Acc: 0.9645
 SynthDigits| Test  Loss: 0.5805 | Test  Acc: 0.8180
 MNIST-M    | Test  Loss: 0.6338 | Test  Acc: 0.7919
============ Train epoch 57 ============
 MNIST      | Train Loss: 0.0028 | Train Acc: 1.0000
 SVHN       | Train Loss: 0.0113 | Train Acc: 1.0000
 USPS       | Train Loss: 0.0032 | Train Acc: 1.0000
 SynthDigits| Train Loss: 0.0079 | Train Acc: 1.0000
 MNIST-M    | Train Loss: 0.0078 | Train Acc: 1.0000
 MNIST      | Test  Loss: 0.1127 | Test  Acc: 0.9657
 SVHN       | Test  Loss: 0.9192 | Test  Acc: 0.7135
 USPS       | Test  Loss: 0.1260 | Test  Acc: 0.9645
 SynthDigits| Test  Loss: 0.5901 | Test  Acc: 0.8136
 MNIST-M    | Test  Loss: 0.6404 | Test  Acc: 0.7900
============ Train epoch 58 ============
 MNIST      | Train Loss: 0.0037 | Train Acc: 1.0000
 SVHN       | Train Loss: 0.0317 | Train Acc: 0.9973
 USPS       | Train Loss: 0.0093 | Train Acc: 0.9987
 SynthDigits| Train Loss: 0.0124 | Train Acc: 1.0000
 MNIST-M    | Train Loss: 0.0083 | Train Acc: 1.0000
 MNIST      | Test  Loss: 0.1258 | Test  Acc: 0.9626
 SVHN       | Test  Loss: 0.9749 | Test  Acc: 0.6940
 USPS       | Test  Loss: 0.1349 | Test  Acc: 0.9608
 SynthDigits| Test  Loss: 0.6017 | Test  Acc: 0.8123
 MNIST-M    | Test  Loss: 0.6625 | Test  Acc: 0.7829
============ Train epoch 59 ============
 MNIST      | Train Loss: 0.0035 | Train Acc: 1.0000
 SVHN       | Train Loss: 0.0285 | Train Acc: 0.9987
 USPS       | Train Loss: 0.0040 | Train Acc: 1.0000
 SynthDigits| Train Loss: 0.0089 | Train Acc: 1.0000
 MNIST-M    | Train Loss: 0.0079 | Train Acc: 1.0000
 MNIST      | Test  Loss: 0.1265 | Test  Acc: 0.9616
 SVHN       | Test  Loss: 0.9873 | Test  Acc: 0.6893
 USPS       | Test  Loss: 0.1274 | Test  Acc: 0.9629
 SynthDigits| Test  Loss: 0.5901 | Test  Acc: 0.8146
 MNIST-M    | Test  Loss: 0.6500 | Test  Acc: 0.7856
============ Train epoch 60 ============
 MNIST      | Train Loss: 0.0020 | Train Acc: 1.0000
 SVHN       | Train Loss: 0.0169 | Train Acc: 1.0000
 USPS       | Train Loss: 0.0031 | Train Acc: 1.0000
 SynthDigits| Train Loss: 0.0075 | Train Acc: 1.0000
 MNIST-M    | Train Loss: 0.0066 | Train Acc: 1.0000
 MNIST      | Test  Loss: 0.1122 | Test  Acc: 0.9658
 SVHN       | Test  Loss: 0.9356 | Test  Acc: 0.7058
 USPS       | Test  Loss: 0.1301 | Test  Acc: 0.9602
 SynthDigits| Test  Loss: 0.5908 | Test  Acc: 0.8148
 MNIST-M    | Test  Loss: 0.6412 | Test  Acc: 0.7881
============ Train epoch 61 ============
 MNIST      | Train Loss: 0.0042 | Train Acc: 1.0000
 SVHN       | Train Loss: 0.0153 | Train Acc: 1.0000
 USPS       | Train Loss: 0.0047 | Train Acc: 1.0000
 SynthDigits| Train Loss: 0.0105 | Train Acc: 1.0000
 MNIST-M    | Train Loss: 0.0110 | Train Acc: 1.0000
 MNIST      | Test  Loss: 0.1230 | Test  Acc: 0.9635
 SVHN       | Test  Loss: 0.9366 | Test  Acc: 0.7071
 USPS       | Test  Loss: 0.1348 | Test  Acc: 0.9629
 SynthDigits| Test  Loss: 0.6036 | Test  Acc: 0.8094
 MNIST-M    | Test  Loss: 0.6720 | Test  Acc: 0.7794
============ Train epoch 62 ============
 MNIST      | Train Loss: 0.0025 | Train Acc: 1.0000
 SVHN       | Train Loss: 0.0114 | Train Acc: 1.0000
 USPS       | Train Loss: 0.0029 | Train Acc: 1.0000
 SynthDigits| Train Loss: 0.0064 | Train Acc: 1.0000
 MNIST-M    | Train Loss: 0.0064 | Train Acc: 1.0000
 MNIST      | Test  Loss: 0.1160 | Test  Acc: 0.9645
 SVHN       | Test  Loss: 0.9201 | Test  Acc: 0.7127
 USPS       | Test  Loss: 0.1327 | Test  Acc: 0.9602
 SynthDigits| Test  Loss: 0.5844 | Test  Acc: 0.8168
 MNIST-M    | Test  Loss: 0.6435 | Test  Acc: 0.7860
============ Train epoch 63 ============
 MNIST      | Train Loss: 0.0025 | Train Acc: 1.0000
 SVHN       | Train Loss: 0.0111 | Train Acc: 1.0000
 USPS       | Train Loss: 0.0031 | Train Acc: 1.0000
 SynthDigits| Train Loss: 0.0087 | Train Acc: 1.0000
 MNIST-M    | Train Loss: 0.0078 | Train Acc: 1.0000
 MNIST      | Test  Loss: 0.1120 | Test  Acc: 0.9664
 SVHN       | Test  Loss: 0.9324 | Test  Acc: 0.7069
 USPS       | Test  Loss: 0.1267 | Test  Acc: 0.9651
 SynthDigits| Test  Loss: 0.5938 | Test  Acc: 0.8141
 MNIST-M    | Test  Loss: 0.6554 | Test  Acc: 0.7861
============ Train epoch 64 ============
 MNIST      | Train Loss: 0.0029 | Train Acc: 1.0000
 SVHN       | Train Loss: 0.0095 | Train Acc: 1.0000
 USPS       | Train Loss: 0.0024 | Train Acc: 1.0000
 SynthDigits| Train Loss: 0.0072 | Train Acc: 1.0000
 MNIST-M    | Train Loss: 0.0092 | Train Acc: 1.0000
 MNIST      | Test  Loss: 0.1216 | Test  Acc: 0.9636
 SVHN       | Test  Loss: 0.9204 | Test  Acc: 0.7148
 USPS       | Test  Loss: 0.1209 | Test  Acc: 0.9645
 SynthDigits| Test  Loss: 0.5788 | Test  Acc: 0.8181
 MNIST-M    | Test  Loss: 0.6802 | Test  Acc: 0.7779
============ Train epoch 65 ============
 MNIST      | Train Loss: 0.0023 | Train Acc: 1.0000
 SVHN       | Train Loss: 0.0076 | Train Acc: 1.0000
 USPS       | Train Loss: 0.0023 | Train Acc: 1.0000
 SynthDigits| Train Loss: 0.0062 | Train Acc: 1.0000
 MNIST-M    | Train Loss: 0.0062 | Train Acc: 1.0000
 MNIST      | Test  Loss: 0.1220 | Test  Acc: 0.9642
 SVHN       | Test  Loss: 0.9011 | Test  Acc: 0.7181
 USPS       | Test  Loss: 0.1259 | Test  Acc: 0.9634
 SynthDigits| Test  Loss: 0.5652 | Test  Acc: 0.8229
 MNIST-M    | Test  Loss: 0.6404 | Test  Acc: 0.7873
============ Train epoch 66 ============
 MNIST      | Train Loss: 0.0019 | Train Acc: 1.0000
 SVHN       | Train Loss: 0.0068 | Train Acc: 1.0000
 USPS       | Train Loss: 0.0021 | Train Acc: 1.0000
 SynthDigits| Train Loss: 0.0050 | Train Acc: 1.0000
 MNIST-M    | Train Loss: 0.0054 | Train Acc: 1.0000
 MNIST      | Test  Loss: 0.1159 | Test  Acc: 0.9658
 SVHN       | Test  Loss: 0.9068 | Test  Acc: 0.7169
 USPS       | Test  Loss: 0.1276 | Test  Acc: 0.9629
 SynthDigits| Test  Loss: 0.5628 | Test  Acc: 0.8241
 MNIST-M    | Test  Loss: 0.6378 | Test  Acc: 0.7873
============ Train epoch 67 ============
 MNIST      | Train Loss: 0.0045 | Train Acc: 1.0000
 SVHN       | Train Loss: 0.0127 | Train Acc: 1.0000
 USPS       | Train Loss: 0.0105 | Train Acc: 1.0000
 SynthDigits| Train Loss: 0.0094 | Train Acc: 1.0000
 MNIST-M    | Train Loss: 0.0140 | Train Acc: 1.0000
 MNIST      | Test  Loss: 0.1248 | Test  Acc: 0.9617
 SVHN       | Test  Loss: 0.9238 | Test  Acc: 0.7094
 USPS       | Test  Loss: 0.1435 | Test  Acc: 0.9618
 SynthDigits| Test  Loss: 0.5865 | Test  Acc: 0.8162
 MNIST-M    | Test  Loss: 0.6919 | Test  Acc: 0.7750
============ Train epoch 68 ============
 MNIST      | Train Loss: 0.0025 | Train Acc: 1.0000
 SVHN       | Train Loss: 0.0087 | Train Acc: 1.0000
 USPS       | Train Loss: 0.0049 | Train Acc: 1.0000
 SynthDigits| Train Loss: 0.0076 | Train Acc: 1.0000
 MNIST-M    | Train Loss: 0.0071 | Train Acc: 1.0000
 MNIST      | Test  Loss: 0.1202 | Test  Acc: 0.9645
 SVHN       | Test  Loss: 0.9210 | Test  Acc: 0.7116
 USPS       | Test  Loss: 0.1223 | Test  Acc: 0.9613
 SynthDigits| Test  Loss: 0.5835 | Test  Acc: 0.8178
 MNIST-M    | Test  Loss: 0.6697 | Test  Acc: 0.7840
============ Train epoch 69 ============
 MNIST      | Train Loss: 0.0027 | Train Acc: 1.0000
 SVHN       | Train Loss: 0.0087 | Train Acc: 1.0000
 USPS       | Train Loss: 0.0027 | Train Acc: 1.0000
 SynthDigits| Train Loss: 0.0068 | Train Acc: 1.0000
 MNIST-M    | Train Loss: 0.0076 | Train Acc: 1.0000
 MNIST      | Test  Loss: 0.1204 | Test  Acc: 0.9629
 SVHN       | Test  Loss: 0.9181 | Test  Acc: 0.7142
 USPS       | Test  Loss: 0.1241 | Test  Acc: 0.9629
 SynthDigits| Test  Loss: 0.5985 | Test  Acc: 0.8134
 MNIST-M    | Test  Loss: 0.6478 | Test  Acc: 0.7866
============ Train epoch 70 ============
 MNIST      | Train Loss: 0.0051 | Train Acc: 1.0000
 SVHN       | Train Loss: 0.0143 | Train Acc: 1.0000
 USPS       | Train Loss: 0.0052 | Train Acc: 1.0000
 SynthDigits| Train Loss: 0.0130 | Train Acc: 1.0000
 MNIST-M    | Train Loss: 0.0137 | Train Acc: 1.0000
 MNIST      | Test  Loss: 0.1300 | Test  Acc: 0.9611
 SVHN       | Test  Loss: 0.9279 | Test  Acc: 0.7089
 USPS       | Test  Loss: 0.1305 | Test  Acc: 0.9645
 SynthDigits| Test  Loss: 0.6110 | Test  Acc: 0.8093
 MNIST-M    | Test  Loss: 0.6973 | Test  Acc: 0.7744
============ Train epoch 71 ============
 MNIST      | Train Loss: 0.0027 | Train Acc: 1.0000
 SVHN       | Train Loss: 0.0079 | Train Acc: 1.0000
 USPS       | Train Loss: 0.0025 | Train Acc: 1.0000
 SynthDigits| Train Loss: 0.0065 | Train Acc: 1.0000
 MNIST-M    | Train Loss: 0.0062 | Train Acc: 1.0000
 MNIST      | Test  Loss: 0.1340 | Test  Acc: 0.9591
 SVHN       | Test  Loss: 0.9139 | Test  Acc: 0.7160
 USPS       | Test  Loss: 0.1189 | Test  Acc: 0.9661
 SynthDigits| Test  Loss: 0.5886 | Test  Acc: 0.8162
 MNIST-M    | Test  Loss: 0.6464 | Test  Acc: 0.7911
============ Train epoch 72 ============
 MNIST      | Train Loss: 0.0018 | Train Acc: 1.0000
 SVHN       | Train Loss: 0.0065 | Train Acc: 1.0000
 USPS       | Train Loss: 0.0018 | Train Acc: 1.0000
 SynthDigits| Train Loss: 0.0051 | Train Acc: 1.0000
 MNIST-M    | Train Loss: 0.0044 | Train Acc: 1.0000
 MNIST      | Test  Loss: 0.1160 | Test  Acc: 0.9650
 SVHN       | Test  Loss: 0.9270 | Test  Acc: 0.7147
 USPS       | Test  Loss: 0.1207 | Test  Acc: 0.9645
 SynthDigits| Test  Loss: 0.5859 | Test  Acc: 0.8184
 MNIST-M    | Test  Loss: 0.6428 | Test  Acc: 0.7921
============ Train epoch 73 ============
 MNIST      | Train Loss: 0.0020 | Train Acc: 1.0000
 SVHN       | Train Loss: 0.0086 | Train Acc: 1.0000
 USPS       | Train Loss: 0.0024 | Train Acc: 1.0000
 SynthDigits| Train Loss: 0.0072 | Train Acc: 1.0000
 MNIST-M    | Train Loss: 0.0058 | Train Acc: 1.0000
 MNIST      | Test  Loss: 0.1100 | Test  Acc: 0.9675
 SVHN       | Test  Loss: 0.9305 | Test  Acc: 0.7080
 USPS       | Test  Loss: 0.1219 | Test  Acc: 0.9651
 SynthDigits| Test  Loss: 0.5875 | Test  Acc: 0.8168
 MNIST-M    | Test  Loss: 0.6416 | Test  Acc: 0.7894
============ Train epoch 74 ============
 MNIST      | Train Loss: 0.0035 | Train Acc: 1.0000
 SVHN       | Train Loss: 0.0271 | Train Acc: 0.9973
 USPS       | Train Loss: 0.0061 | Train Acc: 1.0000
 SynthDigits| Train Loss: 0.0138 | Train Acc: 1.0000
 MNIST-M    | Train Loss: 0.0069 | Train Acc: 1.0000
 MNIST      | Test  Loss: 0.1407 | Test  Acc: 0.9582
 SVHN       | Test  Loss: 1.0358 | Test  Acc: 0.6841
 USPS       | Test  Loss: 0.1614 | Test  Acc: 0.9559
 SynthDigits| Test  Loss: 0.6382 | Test  Acc: 0.8018
 MNIST-M    | Test  Loss: 0.6714 | Test  Acc: 0.7819
============ Train epoch 75 ============
 MNIST      | Train Loss: 0.0037 | Train Acc: 1.0000
 SVHN       | Train Loss: 0.0134 | Train Acc: 1.0000
 USPS       | Train Loss: 0.0040 | Train Acc: 1.0000
 SynthDigits| Train Loss: 0.0085 | Train Acc: 1.0000
 MNIST-M    | Train Loss: 0.0097 | Train Acc: 1.0000
 MNIST      | Test  Loss: 0.1327 | Test  Acc: 0.9621
 SVHN       | Test  Loss: 0.9711 | Test  Acc: 0.6979
 USPS       | Test  Loss: 0.1366 | Test  Acc: 0.9602
 SynthDigits| Test  Loss: 0.6120 | Test  Acc: 0.8089
 MNIST-M    | Test  Loss: 0.7022 | Test  Acc: 0.7719
============ Train epoch 76 ============
 MNIST      | Train Loss: 0.0127 | Train Acc: 1.0000
 SVHN       | Train Loss: 0.0220 | Train Acc: 0.9987
 USPS       | Train Loss: 0.0093 | Train Acc: 1.0000
 SynthDigits| Train Loss: 0.0172 | Train Acc: 1.0000
 MNIST-M    | Train Loss: 0.0154 | Train Acc: 1.0000
 MNIST      | Test  Loss: 0.1757 | Test  Acc: 0.9464
 SVHN       | Test  Loss: 1.0283 | Test  Acc: 0.6847
 USPS       | Test  Loss: 0.1512 | Test  Acc: 0.9548
 SynthDigits| Test  Loss: 0.6595 | Test  Acc: 0.7963
 MNIST-M    | Test  Loss: 0.7060 | Test  Acc: 0.7674
============ Train epoch 77 ============
 MNIST      | Train Loss: 0.0414 | Train Acc: 0.9906
 SVHN       | Train Loss: 0.0342 | Train Acc: 0.9973
 USPS       | Train Loss: 0.1402 | Train Acc: 0.9690
 SynthDigits| Train Loss: 0.0199 | Train Acc: 0.9987
 MNIST-M    | Train Loss: 0.0253 | Train Acc: 0.9960
 MNIST      | Test  Loss: 0.1610 | Test  Acc: 0.9550
 SVHN       | Test  Loss: 1.0054 | Test  Acc: 0.6836
 USPS       | Test  Loss: 0.2541 | Test  Acc: 0.9344
 SynthDigits| Test  Loss: 0.6294 | Test  Acc: 0.8062
 MNIST-M    | Test  Loss: 0.7268 | Test  Acc: 0.7609
============ Train epoch 78 ============
 MNIST      | Train Loss: 0.0015 | Train Acc: 1.0000
 SVHN       | Train Loss: 0.0110 | Train Acc: 1.0000
 USPS       | Train Loss: 0.0034 | Train Acc: 1.0000
 SynthDigits| Train Loss: 0.0057 | Train Acc: 1.0000
 MNIST-M    | Train Loss: 0.0058 | Train Acc: 1.0000
 MNIST      | Test  Loss: 0.1096 | Test  Acc: 0.9660
 SVHN       | Test  Loss: 0.9237 | Test  Acc: 0.7107
 USPS       | Test  Loss: 0.1347 | Test  Acc: 0.9629
 SynthDigits| Test  Loss: 0.5887 | Test  Acc: 0.8170
 MNIST-M    | Test  Loss: 0.6577 | Test  Acc: 0.7849
============ Train epoch 79 ============
 MNIST      | Train Loss: 0.0020 | Train Acc: 1.0000
 SVHN       | Train Loss: 0.0071 | Train Acc: 1.0000
 USPS       | Train Loss: 0.0024 | Train Acc: 1.0000
 SynthDigits| Train Loss: 0.0052 | Train Acc: 1.0000
 MNIST-M    | Train Loss: 0.0083 | Train Acc: 1.0000
 MNIST      | Test  Loss: 0.1081 | Test  Acc: 0.9661
 SVHN       | Test  Loss: 0.9191 | Test  Acc: 0.7127
 USPS       | Test  Loss: 0.1300 | Test  Acc: 0.9613
 SynthDigits| Test  Loss: 0.5757 | Test  Acc: 0.8218
 MNIST-M    | Test  Loss: 0.6560 | Test  Acc: 0.7838
============ Train epoch 80 ============
 MNIST      | Train Loss: 0.0017 | Train Acc: 1.0000
 SVHN       | Train Loss: 0.0062 | Train Acc: 1.0000
 USPS       | Train Loss: 0.0018 | Train Acc: 1.0000
 SynthDigits| Train Loss: 0.0042 | Train Acc: 1.0000
 MNIST-M    | Train Loss: 0.0042 | Train Acc: 1.0000
 MNIST      | Test  Loss: 0.1141 | Test  Acc: 0.9654
 SVHN       | Test  Loss: 0.9102 | Test  Acc: 0.7153
 USPS       | Test  Loss: 0.1298 | Test  Acc: 0.9608
 SynthDigits| Test  Loss: 0.5806 | Test  Acc: 0.8194
 MNIST-M    | Test  Loss: 0.6378 | Test  Acc: 0.7900
============ Train epoch 81 ============
 MNIST      | Train Loss: 0.0015 | Train Acc: 1.0000
 SVHN       | Train Loss: 0.0105 | Train Acc: 1.0000
 USPS       | Train Loss: 0.0013 | Train Acc: 1.0000
 SynthDigits| Train Loss: 0.0047 | Train Acc: 1.0000
 MNIST-M    | Train Loss: 0.0038 | Train Acc: 1.0000
 MNIST      | Test  Loss: 0.1145 | Test  Acc: 0.9652
 SVHN       | Test  Loss: 0.9643 | Test  Acc: 0.7002
 USPS       | Test  Loss: 0.1255 | Test  Acc: 0.9634
 SynthDigits| Test  Loss: 0.5777 | Test  Acc: 0.8196
 MNIST-M    | Test  Loss: 0.6356 | Test  Acc: 0.7919
============ Train epoch 82 ============
 MNIST      | Train Loss: 0.0131 | Train Acc: 1.0000
 SVHN       | Train Loss: 0.0583 | Train Acc: 0.9933
 USPS       | Train Loss: 0.0069 | Train Acc: 1.0000
 SynthDigits| Train Loss: 0.0238 | Train Acc: 1.0000
 MNIST-M    | Train Loss: 0.0289 | Train Acc: 1.0000
 MNIST      | Test  Loss: 0.1772 | Test  Acc: 0.9471
 SVHN       | Test  Loss: 1.1344 | Test  Acc: 0.6540
 USPS       | Test  Loss: 0.1779 | Test  Acc: 0.9511
 SynthDigits| Test  Loss: 0.6996 | Test  Acc: 0.7860
 MNIST-M    | Test  Loss: 0.8148 | Test  Acc: 0.7396
============ Train epoch 83 ============
 MNIST      | Train Loss: 0.0022 | Train Acc: 1.0000
 SVHN       | Train Loss: 0.0151 | Train Acc: 1.0000
 USPS       | Train Loss: 0.0051 | Train Acc: 1.0000
 SynthDigits| Train Loss: 0.0093 | Train Acc: 0.9987
 MNIST-M    | Train Loss: 0.0072 | Train Acc: 1.0000
 MNIST      | Test  Loss: 0.1201 | Test  Acc: 0.9632
 SVHN       | Test  Loss: 1.0164 | Test  Acc: 0.6832
 USPS       | Test  Loss: 0.1365 | Test  Acc: 0.9591
 SynthDigits| Test  Loss: 0.6278 | Test  Acc: 0.8055
 MNIST-M    | Test  Loss: 0.7043 | Test  Acc: 0.7703
============ Train epoch 84 ============
 MNIST      | Train Loss: 0.0017 | Train Acc: 1.0000
 SVHN       | Train Loss: 0.0069 | Train Acc: 1.0000
 USPS       | Train Loss: 0.0020 | Train Acc: 1.0000
 SynthDigits| Train Loss: 0.0045 | Train Acc: 1.0000
 MNIST-M    | Train Loss: 0.0037 | Train Acc: 1.0000
 MNIST      | Test  Loss: 0.1120 | Test  Acc: 0.9666
 SVHN       | Test  Loss: 0.9430 | Test  Acc: 0.7079
 USPS       | Test  Loss: 0.1177 | Test  Acc: 0.9640
 SynthDigits| Test  Loss: 0.5823 | Test  Acc: 0.8196
 MNIST-M    | Test  Loss: 0.6314 | Test  Acc: 0.7916
============ Train epoch 85 ============
 MNIST      | Train Loss: 0.0015 | Train Acc: 1.0000
 SVHN       | Train Loss: 0.0057 | Train Acc: 1.0000
 USPS       | Train Loss: 0.0015 | Train Acc: 1.0000
 SynthDigits| Train Loss: 0.0046 | Train Acc: 1.0000
 MNIST-M    | Train Loss: 0.0033 | Train Acc: 1.0000
 MNIST      | Test  Loss: 0.1109 | Test  Acc: 0.9667
 SVHN       | Test  Loss: 0.9270 | Test  Acc: 0.7139
 USPS       | Test  Loss: 0.1191 | Test  Acc: 0.9651
 SynthDigits| Test  Loss: 0.5821 | Test  Acc: 0.8204
 MNIST-M    | Test  Loss: 0.6229 | Test  Acc: 0.7925
============ Train epoch 86 ============
 MNIST      | Train Loss: 0.0012 | Train Acc: 1.0000
 SVHN       | Train Loss: 0.0051 | Train Acc: 1.0000
 USPS       | Train Loss: 0.0013 | Train Acc: 1.0000
 SynthDigits| Train Loss: 0.0040 | Train Acc: 1.0000
 MNIST-M    | Train Loss: 0.0032 | Train Acc: 1.0000
 MNIST      | Test  Loss: 0.1106 | Test  Acc: 0.9666
 SVHN       | Test  Loss: 0.9211 | Test  Acc: 0.7148
 USPS       | Test  Loss: 0.1138 | Test  Acc: 0.9661
 SynthDigits| Test  Loss: 0.5675 | Test  Acc: 0.8240
 MNIST-M    | Test  Loss: 0.6271 | Test  Acc: 0.7935
============ Train epoch 87 ============
 MNIST      | Train Loss: 0.0030 | Train Acc: 1.0000
 SVHN       | Train Loss: 0.0071 | Train Acc: 1.0000
 USPS       | Train Loss: 0.0027 | Train Acc: 1.0000
 SynthDigits| Train Loss: 0.0050 | Train Acc: 1.0000
 MNIST-M    | Train Loss: 0.0051 | Train Acc: 1.0000
 MNIST      | Test  Loss: 0.1278 | Test  Acc: 0.9629
 SVHN       | Test  Loss: 0.9289 | Test  Acc: 0.7127
 USPS       | Test  Loss: 0.1361 | Test  Acc: 0.9624
 SynthDigits| Test  Loss: 0.5878 | Test  Acc: 0.8165
 MNIST-M    | Test  Loss: 0.6343 | Test  Acc: 0.7914
============ Train epoch 88 ============
 MNIST      | Train Loss: 0.0011 | Train Acc: 1.0000
 SVHN       | Train Loss: 0.0054 | Train Acc: 1.0000
 USPS       | Train Loss: 0.0011 | Train Acc: 1.0000
 SynthDigits| Train Loss: 0.0035 | Train Acc: 1.0000
 MNIST-M    | Train Loss: 0.0036 | Train Acc: 1.0000
 MNIST      | Test  Loss: 0.1084 | Test  Acc: 0.9663
 SVHN       | Test  Loss: 0.9103 | Test  Acc: 0.7179
 USPS       | Test  Loss: 0.1222 | Test  Acc: 0.9661
 SynthDigits| Test  Loss: 0.5759 | Test  Acc: 0.8216
 MNIST-M    | Test  Loss: 0.6244 | Test  Acc: 0.7936
============ Train epoch 89 ============
 MNIST      | Train Loss: 0.0010 | Train Acc: 1.0000
 SVHN       | Train Loss: 0.0045 | Train Acc: 1.0000
 USPS       | Train Loss: 0.0011 | Train Acc: 1.0000
 SynthDigits| Train Loss: 0.0030 | Train Acc: 1.0000
 MNIST-M    | Train Loss: 0.0030 | Train Acc: 1.0000
 MNIST      | Test  Loss: 0.1068 | Test  Acc: 0.9677
 SVHN       | Test  Loss: 0.9026 | Test  Acc: 0.7193
 USPS       | Test  Loss: 0.1196 | Test  Acc: 0.9656
 SynthDigits| Test  Loss: 0.5704 | Test  Acc: 0.8237
 MNIST-M    | Test  Loss: 0.6159 | Test  Acc: 0.7973
============ Train epoch 90 ============
 MNIST      | Train Loss: 0.0020 | Train Acc: 1.0000
 SVHN       | Train Loss: 0.0064 | Train Acc: 1.0000
 USPS       | Train Loss: 0.0023 | Train Acc: 1.0000
 SynthDigits| Train Loss: 0.0043 | Train Acc: 1.0000
 MNIST-M    | Train Loss: 0.0042 | Train Acc: 1.0000
 MNIST      | Test  Loss: 0.1118 | Test  Acc: 0.9662
 SVHN       | Test  Loss: 0.9224 | Test  Acc: 0.7160
 USPS       | Test  Loss: 0.1283 | Test  Acc: 0.9629
 SynthDigits| Test  Loss: 0.5791 | Test  Acc: 0.8222
 MNIST-M    | Test  Loss: 0.6369 | Test  Acc: 0.7911
============ Train epoch 91 ============
 MNIST      | Train Loss: 0.0015 | Train Acc: 1.0000
 SVHN       | Train Loss: 0.0047 | Train Acc: 1.0000
 USPS       | Train Loss: 0.0014 | Train Acc: 1.0000
 SynthDigits| Train Loss: 0.0040 | Train Acc: 1.0000
 MNIST-M    | Train Loss: 0.0040 | Train Acc: 1.0000
 MNIST      | Test  Loss: 0.1152 | Test  Acc: 0.9657
 SVHN       | Test  Loss: 0.9036 | Test  Acc: 0.7182
 USPS       | Test  Loss: 0.1174 | Test  Acc: 0.9618
 SynthDigits| Test  Loss: 0.5836 | Test  Acc: 0.8189
 MNIST-M    | Test  Loss: 0.6462 | Test  Acc: 0.7861
============ Train epoch 92 ============
 MNIST      | Train Loss: 0.0018 | Train Acc: 1.0000
 SVHN       | Train Loss: 0.0109 | Train Acc: 1.0000
 USPS       | Train Loss: 0.0016 | Train Acc: 1.0000
 SynthDigits| Train Loss: 0.0054 | Train Acc: 1.0000
 MNIST-M    | Train Loss: 0.0062 | Train Acc: 1.0000
 MNIST      | Test  Loss: 0.1119 | Test  Acc: 0.9659
 SVHN       | Test  Loss: 0.9923 | Test  Acc: 0.6913
 USPS       | Test  Loss: 0.1202 | Test  Acc: 0.9624
 SynthDigits| Test  Loss: 0.5927 | Test  Acc: 0.8160
 MNIST-M    | Test  Loss: 0.6850 | Test  Acc: 0.7754
============ Train epoch 93 ============
 MNIST      | Train Loss: 0.0013 | Train Acc: 1.0000
 SVHN       | Train Loss: 0.0057 | Train Acc: 1.0000
 USPS       | Train Loss: 0.0016 | Train Acc: 1.0000
 SynthDigits| Train Loss: 0.0035 | Train Acc: 1.0000
 MNIST-M    | Train Loss: 0.0043 | Train Acc: 1.0000
 MNIST      | Test  Loss: 0.1172 | Test  Acc: 0.9651
 SVHN       | Test  Loss: 0.9126 | Test  Acc: 0.7165
 USPS       | Test  Loss: 0.1196 | Test  Acc: 0.9645
 SynthDigits| Test  Loss: 0.5801 | Test  Acc: 0.8207
 MNIST-M    | Test  Loss: 0.6415 | Test  Acc: 0.7903
============ Train epoch 94 ============
 MNIST      | Train Loss: 0.0012 | Train Acc: 1.0000
 SVHN       | Train Loss: 0.0078 | Train Acc: 1.0000
 USPS       | Train Loss: 0.0018 | Train Acc: 1.0000
 SynthDigits| Train Loss: 0.0034 | Train Acc: 1.0000
 MNIST-M    | Train Loss: 0.0030 | Train Acc: 1.0000
 MNIST      | Test  Loss: 0.1151 | Test  Acc: 0.9653
 SVHN       | Test  Loss: 0.9349 | Test  Acc: 0.7081
 USPS       | Test  Loss: 0.1278 | Test  Acc: 0.9618
 SynthDigits| Test  Loss: 0.5816 | Test  Acc: 0.8218
 MNIST-M    | Test  Loss: 0.6268 | Test  Acc: 0.7933
============ Train epoch 95 ============
 MNIST      | Train Loss: 0.0033 | Train Acc: 0.9987
 SVHN       | Train Loss: 0.0053 | Train Acc: 1.0000
 USPS       | Train Loss: 0.0016 | Train Acc: 1.0000
 SynthDigits| Train Loss: 0.0037 | Train Acc: 1.0000
 MNIST-M    | Train Loss: 0.0044 | Train Acc: 1.0000
 MNIST      | Test  Loss: 0.1168 | Test  Acc: 0.9661
 SVHN       | Test  Loss: 0.9217 | Test  Acc: 0.7149
 USPS       | Test  Loss: 0.1213 | Test  Acc: 0.9651
 SynthDigits| Test  Loss: 0.5797 | Test  Acc: 0.8204
 MNIST-M    | Test  Loss: 0.6630 | Test  Acc: 0.7851
============ Train epoch 96 ============
 MNIST      | Train Loss: 0.0017 | Train Acc: 1.0000
 SVHN       | Train Loss: 0.0048 | Train Acc: 1.0000
 USPS       | Train Loss: 0.0014 | Train Acc: 1.0000
 SynthDigits| Train Loss: 0.0034 | Train Acc: 1.0000
 MNIST-M    | Train Loss: 0.0047 | Train Acc: 1.0000
 MNIST      | Test  Loss: 0.1216 | Test  Acc: 0.9629
 SVHN       | Test  Loss: 0.9160 | Test  Acc: 0.7157
 USPS       | Test  Loss: 0.1208 | Test  Acc: 0.9656
 SynthDigits| Test  Loss: 0.5753 | Test  Acc: 0.8228
 MNIST-M    | Test  Loss: 0.6695 | Test  Acc: 0.7826
============ Train epoch 97 ============
 MNIST      | Train Loss: 0.0044 | Train Acc: 1.0000
 SVHN       | Train Loss: 0.0153 | Train Acc: 1.0000
 USPS       | Train Loss: 0.0022 | Train Acc: 1.0000
 SynthDigits| Train Loss: 0.0069 | Train Acc: 1.0000
 MNIST-M    | Train Loss: 0.0235 | Train Acc: 0.9973
 MNIST      | Test  Loss: 0.1513 | Test  Acc: 0.9551
 SVHN       | Test  Loss: 1.0403 | Test  Acc: 0.6826
 USPS       | Test  Loss: 0.1381 | Test  Acc: 0.9618
 SynthDigits| Test  Loss: 0.6115 | Test  Acc: 0.8110
 MNIST-M    | Test  Loss: 0.7768 | Test  Acc: 0.7491
============ Train epoch 98 ============
 MNIST      | Train Loss: 0.0032 | Train Acc: 1.0000
 SVHN       | Train Loss: 0.0074 | Train Acc: 1.0000
 USPS       | Train Loss: 0.0025 | Train Acc: 1.0000
 SynthDigits| Train Loss: 0.0057 | Train Acc: 1.0000
 MNIST-M    | Train Loss: 0.0092 | Train Acc: 1.0000
 MNIST      | Test  Loss: 0.1410 | Test  Acc: 0.9583
 SVHN       | Test  Loss: 0.9931 | Test  Acc: 0.7001
 USPS       | Test  Loss: 0.1452 | Test  Acc: 0.9591
 SynthDigits| Test  Loss: 0.6164 | Test  Acc: 0.8087
 MNIST-M    | Test  Loss: 0.6997 | Test  Acc: 0.7689
============ Train epoch 99 ============
 MNIST      | Train Loss: 0.0021 | Train Acc: 1.0000
 SVHN       | Train Loss: 0.0078 | Train Acc: 1.0000
 USPS       | Train Loss: 0.0020 | Train Acc: 1.0000
 SynthDigits| Train Loss: 0.0057 | Train Acc: 1.0000
 MNIST-M    | Train Loss: 0.0042 | Train Acc: 1.0000
 MNIST      | Test  Loss: 0.1210 | Test  Acc: 0.9649
 SVHN       | Test  Loss: 0.9740 | Test  Acc: 0.6971
 USPS       | Test  Loss: 0.1247 | Test  Acc: 0.9634
 SynthDigits| Test  Loss: 0.6309 | Test  Acc: 0.8065
 MNIST-M    | Test  Loss: 0.6529 | Test  Acc: 0.7880
 Saving checkpoints to ../checkpoint/digits/federated_digits/fedbn...
