nohup: no se tendrá en cuenta la entrada
/home/jiahui/miniconda3/lib/python3.9/site-packages/requests/__init__.py:102: RequestsDependencyWarning: urllib3 (1.26.8) or chardet (5.0.0)/charset_normalizer (2.0.4) doesn't match a supported version!
  warnings.warn("urllib3 ({}) or chardet ({})/charset_normalizer ({}) doesn't match a supported "
Device: cuda
============ Train epoch 0 ============
 MNIST      | Train Loss: 1.9322 | Train Acc: 0.5182
 SVHN       | Train Loss: 2.2592 | Train Acc: 0.1696
 USPS       | Train Loss: 2.0963 | Train Acc: 0.4186
 SynthDigits| Train Loss: 2.2476 | Train Acc: 0.2127
 MNIST-M    | Train Loss: 2.2007 | Train Acc: 0.2665
 MNIST      | Test  Loss: 1.9272 | Test  Acc: 0.5396
 SVHN       | Test  Loss: 2.2704 | Test  Acc: 0.1404
 USPS       | Test  Loss: 2.1104 | Test  Acc: 0.4124
 SynthDigits| Test  Loss: 2.2600 | Test  Acc: 0.1979
 MNIST-M    | Test  Loss: 2.2087 | Test  Acc: 0.2529
============ Train epoch 1 ============
 MNIST      | Train Loss: 0.7222 | Train Acc: 0.8116
 SVHN       | Train Loss: 2.0592 | Train Acc: 0.3647
 USPS       | Train Loss: 1.0764 | Train Acc: 0.8170
 SynthDigits| Train Loss: 1.7454 | Train Acc: 0.5236
 MNIST-M    | Train Loss: 1.5365 | Train Acc: 0.6474
 MNIST      | Test  Loss: 0.7724 | Test  Acc: 0.8109
 SVHN       | Test  Loss: 2.1294 | Test  Acc: 0.2984
 USPS       | Test  Loss: 1.1209 | Test  Acc: 0.7946
 SynthDigits| Test  Loss: 1.8747 | Test  Acc: 0.4283
 MNIST-M    | Test  Loss: 1.7216 | Test  Acc: 0.5071
============ Train epoch 2 ============
 MNIST      | Train Loss: 0.4529 | Train Acc: 0.8533
 SVHN       | Train Loss: 1.8205 | Train Acc: 0.5074
 USPS       | Train Loss: 0.6638 | Train Acc: 0.8506
 SynthDigits| Train Loss: 1.3312 | Train Acc: 0.6824
 MNIST-M    | Train Loss: 1.1974 | Train Acc: 0.7079
 MNIST      | Test  Loss: 0.5331 | Test  Acc: 0.8257
 SVHN       | Test  Loss: 1.9718 | Test  Acc: 0.3830
 USPS       | Test  Loss: 0.7264 | Test  Acc: 0.8290
 SynthDigits| Test  Loss: 1.5517 | Test  Acc: 0.5378
 MNIST-M    | Test  Loss: 1.4676 | Test  Acc: 0.5496
============ Train epoch 3 ============
 MNIST      | Train Loss: 0.2718 | Train Acc: 0.9287
 SVHN       | Train Loss: 1.6595 | Train Acc: 0.5841
 USPS       | Train Loss: 0.4750 | Train Acc: 0.9004
 SynthDigits| Train Loss: 1.0349 | Train Acc: 0.7927
 MNIST-M    | Train Loss: 1.0290 | Train Acc: 0.8008
 MNIST      | Test  Loss: 0.3605 | Test  Acc: 0.9013
 SVHN       | Test  Loss: 1.8519 | Test  Acc: 0.4431
 USPS       | Test  Loss: 0.5527 | Test  Acc: 0.8780
 SynthDigits| Test  Loss: 1.3155 | Test  Acc: 0.6291
 MNIST-M    | Test  Loss: 1.3279 | Test  Acc: 0.6200
============ Train epoch 4 ============
 MNIST      | Train Loss: 0.2346 | Train Acc: 0.9367
 SVHN       | Train Loss: 1.5322 | Train Acc: 0.6057
 USPS       | Train Loss: 0.3796 | Train Acc: 0.9192
 SynthDigits| Train Loss: 0.8802 | Train Acc: 0.8277
 MNIST-M    | Train Loss: 0.8397 | Train Acc: 0.8694
 MNIST      | Test  Loss: 0.3225 | Test  Acc: 0.9084
 SVHN       | Test  Loss: 1.7694 | Test  Acc: 0.4566
 USPS       | Test  Loss: 0.4688 | Test  Acc: 0.8876
 SynthDigits| Test  Loss: 1.1825 | Test  Acc: 0.6657
 MNIST-M    | Test  Loss: 1.1939 | Test  Acc: 0.6694
============ Train epoch 5 ============
 MNIST      | Train Loss: 0.1735 | Train Acc: 0.9637
 SVHN       | Train Loss: 1.3826 | Train Acc: 0.6353
 USPS       | Train Loss: 0.3172 | Train Acc: 0.9260
 SynthDigits| Train Loss: 0.7272 | Train Acc: 0.8802
 MNIST-M    | Train Loss: 0.7027 | Train Acc: 0.9192
 MNIST      | Test  Loss: 0.2513 | Test  Acc: 0.9288
 SVHN       | Test  Loss: 1.6670 | Test  Acc: 0.4729
 USPS       | Test  Loss: 0.4139 | Test  Acc: 0.8978
 SynthDigits| Test  Loss: 1.0523 | Test  Acc: 0.7022
 MNIST-M    | Test  Loss: 1.1033 | Test  Acc: 0.6909
============ Train epoch 6 ============
 MNIST      | Train Loss: 0.3689 | Train Acc: 0.8789
 SVHN       | Train Loss: 1.2530 | Train Acc: 0.7443
 USPS       | Train Loss: 0.2740 | Train Acc: 0.9341
 SynthDigits| Train Loss: 0.6508 | Train Acc: 0.8654
 MNIST-M    | Train Loss: 0.8817 | Train Acc: 0.7497
 MNIST      | Test  Loss: 0.4539 | Test  Acc: 0.8449
 SVHN       | Test  Loss: 1.5704 | Test  Acc: 0.5353
 USPS       | Test  Loss: 0.3895 | Test  Acc: 0.8882
 SynthDigits| Test  Loss: 1.0418 | Test  Acc: 0.6805
 MNIST-M    | Test  Loss: 1.3082 | Test  Acc: 0.5617
============ Train epoch 7 ============
 MNIST      | Train Loss: 0.1445 | Train Acc: 0.9677
 SVHN       | Train Loss: 1.2427 | Train Acc: 0.6568
 USPS       | Train Loss: 0.2437 | Train Acc: 0.9381
 SynthDigits| Train Loss: 0.5489 | Train Acc: 0.8964
 MNIST-M    | Train Loss: 0.5459 | Train Acc: 0.9381
 MNIST      | Test  Loss: 0.2545 | Test  Acc: 0.9320
 SVHN       | Test  Loss: 1.6105 | Test  Acc: 0.4872
 USPS       | Test  Loss: 0.3451 | Test  Acc: 0.9124
 SynthDigits| Test  Loss: 0.9364 | Test  Acc: 0.7180
 MNIST-M    | Test  Loss: 1.0091 | Test  Acc: 0.7017
============ Train epoch 8 ============
 MNIST      | Train Loss: 0.1041 | Train Acc: 0.9879
 SVHN       | Train Loss: 1.1260 | Train Acc: 0.7376
 USPS       | Train Loss: 0.2033 | Train Acc: 0.9448
 SynthDigits| Train Loss: 0.4708 | Train Acc: 0.9233
 MNIST-M    | Train Loss: 0.4465 | Train Acc: 0.9677
 MNIST      | Test  Loss: 0.2096 | Test  Acc: 0.9463
 SVHN       | Test  Loss: 1.5277 | Test  Acc: 0.5215
 USPS       | Test  Loss: 0.3048 | Test  Acc: 0.9151
 SynthDigits| Test  Loss: 0.8821 | Test  Acc: 0.7312
 MNIST-M    | Test  Loss: 0.9381 | Test  Acc: 0.7236
============ Train epoch 9 ============
 MNIST      | Train Loss: 0.0906 | Train Acc: 0.9838
 SVHN       | Train Loss: 0.9474 | Train Acc: 0.8277
 USPS       | Train Loss: 0.1512 | Train Acc: 0.9677
 SynthDigits| Train Loss: 0.3517 | Train Acc: 0.9583
 MNIST-M    | Train Loss: 0.3725 | Train Acc: 0.9744
 MNIST      | Test  Loss: 0.1917 | Test  Acc: 0.9491
 SVHN       | Test  Loss: 1.3848 | Test  Acc: 0.5832
 USPS       | Test  Loss: 0.2715 | Test  Acc: 0.9253
 SynthDigits| Test  Loss: 0.7902 | Test  Acc: 0.7680
 MNIST-M    | Test  Loss: 0.8984 | Test  Acc: 0.7288
============ Train epoch 10 ============
 MNIST      | Train Loss: 0.0948 | Train Acc: 0.9906
 SVHN       | Train Loss: 0.8891 | Train Acc: 0.8385
 USPS       | Train Loss: 0.1658 | Train Acc: 0.9596
 SynthDigits| Train Loss: 0.3226 | Train Acc: 0.9690
 MNIST-M    | Train Loss: 0.3518 | Train Acc: 0.9838
 MNIST      | Test  Loss: 0.2168 | Test  Acc: 0.9429
 SVHN       | Test  Loss: 1.3526 | Test  Acc: 0.5832
 USPS       | Test  Loss: 0.2710 | Test  Acc: 0.9280
 SynthDigits| Test  Loss: 0.7782 | Test  Acc: 0.7682
 MNIST-M    | Test  Loss: 0.8955 | Test  Acc: 0.7369
============ Train epoch 11 ============
 MNIST      | Train Loss: 0.0899 | Train Acc: 0.9906
 SVHN       | Train Loss: 0.8318 | Train Acc: 0.8560
 USPS       | Train Loss: 0.1476 | Train Acc: 0.9677
 SynthDigits| Train Loss: 0.2863 | Train Acc: 0.9758
 MNIST-M    | Train Loss: 0.3030 | Train Acc: 0.9865
 MNIST      | Test  Loss: 0.2119 | Test  Acc: 0.9460
 SVHN       | Test  Loss: 1.3217 | Test  Acc: 0.5934
 USPS       | Test  Loss: 0.2628 | Test  Acc: 0.9258
 SynthDigits| Test  Loss: 0.7444 | Test  Acc: 0.7814
 MNIST-M    | Test  Loss: 0.8659 | Test  Acc: 0.7396
============ Train epoch 12 ============
 MNIST      | Train Loss: 0.0873 | Train Acc: 0.9919
 SVHN       | Train Loss: 0.8239 | Train Acc: 0.8223
 USPS       | Train Loss: 0.1235 | Train Acc: 0.9785
 SynthDigits| Train Loss: 0.2662 | Train Acc: 0.9744
 MNIST-M    | Train Loss: 0.2584 | Train Acc: 0.9960
 MNIST      | Test  Loss: 0.2038 | Test  Acc: 0.9476
 SVHN       | Test  Loss: 1.3474 | Test  Acc: 0.5721
 USPS       | Test  Loss: 0.2538 | Test  Acc: 0.9323
 SynthDigits| Test  Loss: 0.7546 | Test  Acc: 0.7686
 MNIST-M    | Test  Loss: 0.8395 | Test  Acc: 0.7464
============ Train epoch 13 ============
 MNIST      | Train Loss: 0.0880 | Train Acc: 0.9879
 SVHN       | Train Loss: 0.7642 | Train Acc: 0.8398
 USPS       | Train Loss: 0.0991 | Train Acc: 0.9812
 SynthDigits| Train Loss: 0.2140 | Train Acc: 0.9852
 MNIST-M    | Train Loss: 0.2592 | Train Acc: 0.9892
 MNIST      | Test  Loss: 0.2106 | Test  Acc: 0.9411
 SVHN       | Test  Loss: 1.3124 | Test  Acc: 0.5798
 USPS       | Test  Loss: 0.2262 | Test  Acc: 0.9425
 SynthDigits| Test  Loss: 0.7130 | Test  Acc: 0.7853
 MNIST-M    | Test  Loss: 0.8535 | Test  Acc: 0.7361
============ Train epoch 14 ============
 MNIST      | Train Loss: 0.0861 | Train Acc: 0.9865
 SVHN       | Train Loss: 0.8168 | Train Acc: 0.8008
 USPS       | Train Loss: 0.1244 | Train Acc: 0.9690
 SynthDigits| Train Loss: 0.2253 | Train Acc: 0.9798
 MNIST-M    | Train Loss: 0.2231 | Train Acc: 0.9919
 MNIST      | Test  Loss: 0.2332 | Test  Acc: 0.9322
 SVHN       | Test  Loss: 1.3539 | Test  Acc: 0.5581
 USPS       | Test  Loss: 0.2514 | Test  Acc: 0.9333
 SynthDigits| Test  Loss: 0.7310 | Test  Acc: 0.7706
 MNIST-M    | Test  Loss: 0.8444 | Test  Acc: 0.7310
============ Train epoch 15 ============
 MNIST      | Train Loss: 0.0618 | Train Acc: 0.9960
 SVHN       | Train Loss: 0.6483 | Train Acc: 0.8883
 USPS       | Train Loss: 0.0907 | Train Acc: 0.9798
 SynthDigits| Train Loss: 0.1732 | Train Acc: 0.9865
 MNIST-M    | Train Loss: 0.2149 | Train Acc: 0.9879
 MNIST      | Test  Loss: 0.1973 | Test  Acc: 0.9449
 SVHN       | Test  Loss: 1.2352 | Test  Acc: 0.6114
 USPS       | Test  Loss: 0.2216 | Test  Acc: 0.9430
 SynthDigits| Test  Loss: 0.6772 | Test  Acc: 0.7943
 MNIST-M    | Test  Loss: 0.8433 | Test  Acc: 0.7294
============ Train epoch 16 ============
 MNIST      | Train Loss: 0.0727 | Train Acc: 0.9960
 SVHN       | Train Loss: 0.6007 | Train Acc: 0.9273
 USPS       | Train Loss: 0.0889 | Train Acc: 0.9892
 SynthDigits| Train Loss: 0.1701 | Train Acc: 0.9879
 MNIST-M    | Train Loss: 0.2227 | Train Acc: 0.9919
 MNIST      | Test  Loss: 0.1931 | Test  Acc: 0.9519
 SVHN       | Test  Loss: 1.1918 | Test  Acc: 0.6327
 USPS       | Test  Loss: 0.2248 | Test  Acc: 0.9392
 SynthDigits| Test  Loss: 0.6729 | Test  Acc: 0.7942
 MNIST-M    | Test  Loss: 0.8425 | Test  Acc: 0.7372
============ Train epoch 17 ============
 MNIST      | Train Loss: 0.0596 | Train Acc: 0.9960
 SVHN       | Train Loss: 0.6271 | Train Acc: 0.8937
 USPS       | Train Loss: 0.0857 | Train Acc: 0.9812
 SynthDigits| Train Loss: 0.1808 | Train Acc: 0.9838
 MNIST-M    | Train Loss: 0.1879 | Train Acc: 0.9946
 MNIST      | Test  Loss: 0.1969 | Test  Acc: 0.9484
 SVHN       | Test  Loss: 1.2268 | Test  Acc: 0.6179
 USPS       | Test  Loss: 0.2297 | Test  Acc: 0.9339
 SynthDigits| Test  Loss: 0.7295 | Test  Acc: 0.7690
 MNIST-M    | Test  Loss: 0.8164 | Test  Acc: 0.7431
============ Train epoch 18 ============
 MNIST      | Train Loss: 0.0627 | Train Acc: 0.9973
 SVHN       | Train Loss: 0.5958 | Train Acc: 0.9112
 USPS       | Train Loss: 0.0548 | Train Acc: 0.9987
 SynthDigits| Train Loss: 0.1395 | Train Acc: 0.9919
 MNIST-M    | Train Loss: 0.1463 | Train Acc: 0.9960
 MNIST      | Test  Loss: 0.2008 | Test  Acc: 0.9424
 SVHN       | Test  Loss: 1.2154 | Test  Acc: 0.6138
 USPS       | Test  Loss: 0.1928 | Test  Acc: 0.9478
 SynthDigits| Test  Loss: 0.6683 | Test  Acc: 0.7918
 MNIST-M    | Test  Loss: 0.8023 | Test  Acc: 0.7436
============ Train epoch 19 ============
 MNIST      | Train Loss: 0.0543 | Train Acc: 0.9987
 SVHN       | Train Loss: 0.5587 | Train Acc: 0.9017
 USPS       | Train Loss: 0.0678 | Train Acc: 0.9852
 SynthDigits| Train Loss: 0.1542 | Train Acc: 0.9892
 MNIST-M    | Train Loss: 0.1460 | Train Acc: 1.0000
 MNIST      | Test  Loss: 0.1813 | Test  Acc: 0.9533
 SVHN       | Test  Loss: 1.2164 | Test  Acc: 0.6079
 USPS       | Test  Loss: 0.2147 | Test  Acc: 0.9376
 SynthDigits| Test  Loss: 0.7017 | Test  Acc: 0.7793
 MNIST-M    | Test  Loss: 0.8023 | Test  Acc: 0.7426
============ Train epoch 20 ============
 MNIST      | Train Loss: 0.0559 | Train Acc: 0.9973
 SVHN       | Train Loss: 0.5586 | Train Acc: 0.8883
 USPS       | Train Loss: 0.0546 | Train Acc: 0.9906
 SynthDigits| Train Loss: 0.1239 | Train Acc: 0.9919
 MNIST-M    | Train Loss: 0.1070 | Train Acc: 0.9987
 MNIST      | Test  Loss: 0.1805 | Test  Acc: 0.9524
 SVHN       | Test  Loss: 1.2381 | Test  Acc: 0.5964
 USPS       | Test  Loss: 0.2065 | Test  Acc: 0.9435
 SynthDigits| Test  Loss: 0.6660 | Test  Acc: 0.7892
 MNIST-M    | Test  Loss: 0.7526 | Test  Acc: 0.7640
============ Train epoch 21 ============
 MNIST      | Train Loss: 0.0524 | Train Acc: 0.9987
 SVHN       | Train Loss: 0.5111 | Train Acc: 0.9246
 USPS       | Train Loss: 0.0456 | Train Acc: 0.9919
 SynthDigits| Train Loss: 0.1061 | Train Acc: 0.9960
 MNIST-M    | Train Loss: 0.1276 | Train Acc: 0.9973
 MNIST      | Test  Loss: 0.1856 | Test  Acc: 0.9461
 SVHN       | Test  Loss: 1.1729 | Test  Acc: 0.6256
 USPS       | Test  Loss: 0.1921 | Test  Acc: 0.9489
 SynthDigits| Test  Loss: 0.6492 | Test  Acc: 0.7960
 MNIST-M    | Test  Loss: 0.8108 | Test  Acc: 0.7336
============ Train epoch 22 ============
 MNIST      | Train Loss: 0.0331 | Train Acc: 0.9987
 SVHN       | Train Loss: 0.5578 | Train Acc: 0.8883
 USPS       | Train Loss: 0.0649 | Train Acc: 0.9865
 SynthDigits| Train Loss: 0.1215 | Train Acc: 0.9906
 MNIST-M    | Train Loss: 0.0897 | Train Acc: 1.0000
 MNIST      | Test  Loss: 0.1590 | Test  Acc: 0.9561
 SVHN       | Test  Loss: 1.2815 | Test  Acc: 0.5816
 USPS       | Test  Loss: 0.2050 | Test  Acc: 0.9441
 SynthDigits| Test  Loss: 0.6768 | Test  Acc: 0.7819
 MNIST-M    | Test  Loss: 0.7283 | Test  Acc: 0.7654
============ Train epoch 23 ============
 MNIST      | Train Loss: 0.0421 | Train Acc: 0.9987
 SVHN       | Train Loss: 0.4783 | Train Acc: 0.9300
 USPS       | Train Loss: 0.0440 | Train Acc: 0.9933
 SynthDigits| Train Loss: 0.1054 | Train Acc: 0.9933
 MNIST-M    | Train Loss: 0.1051 | Train Acc: 1.0000
 MNIST      | Test  Loss: 0.1645 | Test  Acc: 0.9544
 SVHN       | Test  Loss: 1.2042 | Test  Acc: 0.6101
 USPS       | Test  Loss: 0.1970 | Test  Acc: 0.9457
 SynthDigits| Test  Loss: 0.6498 | Test  Acc: 0.7938
 MNIST-M    | Test  Loss: 0.7521 | Test  Acc: 0.7546
============ Train epoch 24 ============
 MNIST      | Train Loss: 0.0320 | Train Acc: 1.0000
 SVHN       | Train Loss: 0.5554 | Train Acc: 0.8614
 USPS       | Train Loss: 0.0521 | Train Acc: 0.9933
 SynthDigits| Train Loss: 0.1165 | Train Acc: 0.9879
 MNIST-M    | Train Loss: 0.0964 | Train Acc: 0.9946
 MNIST      | Test  Loss: 0.1619 | Test  Acc: 0.9570
 SVHN       | Test  Loss: 1.3016 | Test  Acc: 0.5698
 USPS       | Test  Loss: 0.2061 | Test  Acc: 0.9382
 SynthDigits| Test  Loss: 0.6906 | Test  Acc: 0.7787
 MNIST-M    | Test  Loss: 0.7463 | Test  Acc: 0.7568
============ Train epoch 25 ============
 MNIST      | Train Loss: 0.0464 | Train Acc: 0.9987
 SVHN       | Train Loss: 0.4267 | Train Acc: 0.9529
 USPS       | Train Loss: 0.0479 | Train Acc: 0.9933
 SynthDigits| Train Loss: 0.0881 | Train Acc: 0.9960
 MNIST-M    | Train Loss: 0.1093 | Train Acc: 0.9987
 MNIST      | Test  Loss: 0.1806 | Test  Acc: 0.9520
 SVHN       | Test  Loss: 1.1704 | Test  Acc: 0.6203
 USPS       | Test  Loss: 0.1908 | Test  Acc: 0.9489
 SynthDigits| Test  Loss: 0.6473 | Test  Acc: 0.7951
 MNIST-M    | Test  Loss: 0.8013 | Test  Acc: 0.7408
============ Train epoch 26 ============
 MNIST      | Train Loss: 0.0810 | Train Acc: 0.9946
 SVHN       | Train Loss: 0.4515 | Train Acc: 0.9300
 USPS       | Train Loss: 0.0408 | Train Acc: 0.9960
 SynthDigits| Train Loss: 0.0928 | Train Acc: 0.9960
 MNIST-M    | Train Loss: 0.1326 | Train Acc: 0.9933
 MNIST      | Test  Loss: 0.2078 | Test  Acc: 0.9462
 SVHN       | Test  Loss: 1.1896 | Test  Acc: 0.6129
 USPS       | Test  Loss: 0.1772 | Test  Acc: 0.9495
 SynthDigits| Test  Loss: 0.6634 | Test  Acc: 0.7896
 MNIST-M    | Test  Loss: 0.8530 | Test  Acc: 0.7209
============ Train epoch 27 ============
 MNIST      | Train Loss: 0.0484 | Train Acc: 0.9973
 SVHN       | Train Loss: 0.4884 | Train Acc: 0.9031
 USPS       | Train Loss: 0.0415 | Train Acc: 0.9933
 SynthDigits| Train Loss: 0.0784 | Train Acc: 0.9973
 MNIST-M    | Train Loss: 0.0882 | Train Acc: 1.0000
 MNIST      | Test  Loss: 0.1817 | Test  Acc: 0.9531
 SVHN       | Test  Loss: 1.2213 | Test  Acc: 0.5987
 USPS       | Test  Loss: 0.2006 | Test  Acc: 0.9419
 SynthDigits| Test  Loss: 0.6389 | Test  Acc: 0.7983
 MNIST-M    | Test  Loss: 0.7580 | Test  Acc: 0.7544
============ Train epoch 28 ============
 MNIST      | Train Loss: 0.0424 | Train Acc: 1.0000
 SVHN       | Train Loss: 0.4135 | Train Acc: 0.9354
 USPS       | Train Loss: 0.0362 | Train Acc: 0.9906
 SynthDigits| Train Loss: 0.0598 | Train Acc: 0.9973
 MNIST-M    | Train Loss: 0.0713 | Train Acc: 0.9987
 MNIST      | Test  Loss: 0.1612 | Test  Acc: 0.9593
 SVHN       | Test  Loss: 1.1749 | Test  Acc: 0.6168
 USPS       | Test  Loss: 0.1968 | Test  Acc: 0.9457
 SynthDigits| Test  Loss: 0.6200 | Test  Acc: 0.8040
 MNIST-M    | Test  Loss: 0.7481 | Test  Acc: 0.7581
============ Train epoch 29 ============
 MNIST      | Train Loss: 0.0561 | Train Acc: 0.9960
 SVHN       | Train Loss: 0.4523 | Train Acc: 0.9341
 USPS       | Train Loss: 0.0474 | Train Acc: 0.9906
 SynthDigits| Train Loss: 0.0775 | Train Acc: 0.9973
 MNIST-M    | Train Loss: 0.0950 | Train Acc: 0.9987
 MNIST      | Test  Loss: 0.1855 | Test  Acc: 0.9496
 SVHN       | Test  Loss: 1.1831 | Test  Acc: 0.6149
 USPS       | Test  Loss: 0.1999 | Test  Acc: 0.9435
 SynthDigits| Test  Loss: 0.6312 | Test  Acc: 0.8007
 MNIST-M    | Test  Loss: 0.7897 | Test  Acc: 0.7429
============ Train epoch 30 ============
 MNIST      | Train Loss: 0.0270 | Train Acc: 1.0000
 SVHN       | Train Loss: 0.3894 | Train Acc: 0.9381
 USPS       | Train Loss: 0.0335 | Train Acc: 0.9933
 SynthDigits| Train Loss: 0.0522 | Train Acc: 0.9987
 MNIST-M    | Train Loss: 0.0612 | Train Acc: 1.0000
 MNIST      | Test  Loss: 0.1491 | Test  Acc: 0.9594
 SVHN       | Test  Loss: 1.1377 | Test  Acc: 0.6306
 USPS       | Test  Loss: 0.1935 | Test  Acc: 0.9468
 SynthDigits| Test  Loss: 0.6192 | Test  Acc: 0.8034
 MNIST-M    | Test  Loss: 0.7286 | Test  Acc: 0.7636
============ Train epoch 31 ============
 MNIST      | Train Loss: 0.0232 | Train Acc: 0.9987
 SVHN       | Train Loss: 0.3906 | Train Acc: 0.9381
 USPS       | Train Loss: 0.0335 | Train Acc: 0.9960
 SynthDigits| Train Loss: 0.0535 | Train Acc: 1.0000
 MNIST-M    | Train Loss: 0.0594 | Train Acc: 1.0000
 MNIST      | Test  Loss: 0.1534 | Test  Acc: 0.9582
 SVHN       | Test  Loss: 1.1617 | Test  Acc: 0.6218
 USPS       | Test  Loss: 0.1951 | Test  Acc: 0.9473
 SynthDigits| Test  Loss: 0.6242 | Test  Acc: 0.8024
 MNIST-M    | Test  Loss: 0.7319 | Test  Acc: 0.7584
============ Train epoch 32 ============
 MNIST      | Train Loss: 0.0198 | Train Acc: 1.0000
 SVHN       | Train Loss: 0.3993 | Train Acc: 0.9300
 USPS       | Train Loss: 0.0351 | Train Acc: 0.9946
 SynthDigits| Train Loss: 0.0500 | Train Acc: 1.0000
 MNIST-M    | Train Loss: 0.0518 | Train Acc: 1.0000
 MNIST      | Test  Loss: 0.1448 | Test  Acc: 0.9594
 SVHN       | Test  Loss: 1.1872 | Test  Acc: 0.6095
 USPS       | Test  Loss: 0.1964 | Test  Acc: 0.9468
 SynthDigits| Test  Loss: 0.6236 | Test  Acc: 0.8020
 MNIST-M    | Test  Loss: 0.7114 | Test  Acc: 0.7685
============ Train epoch 33 ============
 MNIST      | Train Loss: 0.0213 | Train Acc: 1.0000
 SVHN       | Train Loss: 0.4030 | Train Acc: 0.9287
 USPS       | Train Loss: 0.0359 | Train Acc: 0.9987
 SynthDigits| Train Loss: 0.0488 | Train Acc: 1.0000
 MNIST-M    | Train Loss: 0.0581 | Train Acc: 1.0000
 MNIST      | Test  Loss: 0.1505 | Test  Acc: 0.9579
 SVHN       | Test  Loss: 1.1935 | Test  Acc: 0.6051
 USPS       | Test  Loss: 0.1926 | Test  Acc: 0.9495
 SynthDigits| Test  Loss: 0.6118 | Test  Acc: 0.8062
 MNIST-M    | Test  Loss: 0.7312 | Test  Acc: 0.7581
============ Train epoch 34 ============
 MNIST      | Train Loss: 0.0291 | Train Acc: 0.9987
 SVHN       | Train Loss: 0.3976 | Train Acc: 0.9408
 USPS       | Train Loss: 0.0268 | Train Acc: 0.9973
 SynthDigits| Train Loss: 0.0517 | Train Acc: 0.9987
 MNIST-M    | Train Loss: 0.0688 | Train Acc: 0.9987
 MNIST      | Test  Loss: 0.1528 | Test  Acc: 0.9592
 SVHN       | Test  Loss: 1.1687 | Test  Acc: 0.6199
 USPS       | Test  Loss: 0.1855 | Test  Acc: 0.9462
 SynthDigits| Test  Loss: 0.6262 | Test  Acc: 0.8023
 MNIST-M    | Test  Loss: 0.7611 | Test  Acc: 0.7521
============ Train epoch 35 ============
 MNIST      | Train Loss: 0.0412 | Train Acc: 0.9987
 SVHN       | Train Loss: 0.4074 | Train Acc: 0.9125
 USPS       | Train Loss: 0.0346 | Train Acc: 0.9946
 SynthDigits| Train Loss: 0.0611 | Train Acc: 0.9987
 MNIST-M    | Train Loss: 0.0930 | Train Acc: 0.9919
 MNIST      | Test  Loss: 0.1706 | Test  Acc: 0.9564
 SVHN       | Test  Loss: 1.2242 | Test  Acc: 0.5937
 USPS       | Test  Loss: 0.1927 | Test  Acc: 0.9478
 SynthDigits| Test  Loss: 0.6688 | Test  Acc: 0.7875
 MNIST-M    | Test  Loss: 0.8180 | Test  Acc: 0.7294
============ Train epoch 36 ============
 MNIST      | Train Loss: 0.0203 | Train Acc: 1.0000
 SVHN       | Train Loss: 0.4151 | Train Acc: 0.9192
 USPS       | Train Loss: 0.0279 | Train Acc: 0.9973
 SynthDigits| Train Loss: 0.0407 | Train Acc: 1.0000
 MNIST-M    | Train Loss: 0.0451 | Train Acc: 1.0000
 MNIST      | Test  Loss: 0.1490 | Test  Acc: 0.9591
 SVHN       | Test  Loss: 1.2322 | Test  Acc: 0.5901
 USPS       | Test  Loss: 0.1854 | Test  Acc: 0.9489
 SynthDigits| Test  Loss: 0.6264 | Test  Acc: 0.8012
 MNIST-M    | Test  Loss: 0.7151 | Test  Acc: 0.7641
============ Train epoch 37 ============
 MNIST      | Train Loss: 0.0238 | Train Acc: 1.0000
 SVHN       | Train Loss: 0.3791 | Train Acc: 0.9219
 USPS       | Train Loss: 0.0305 | Train Acc: 0.9933
 SynthDigits| Train Loss: 0.0481 | Train Acc: 1.0000
 MNIST-M    | Train Loss: 0.0460 | Train Acc: 1.0000
 MNIST      | Test  Loss: 0.1584 | Test  Acc: 0.9579
 SVHN       | Test  Loss: 1.2104 | Test  Acc: 0.6002
 USPS       | Test  Loss: 0.1994 | Test  Acc: 0.9446
 SynthDigits| Test  Loss: 0.6294 | Test  Acc: 0.8023
 MNIST-M    | Test  Loss: 0.7009 | Test  Acc: 0.7706
============ Train epoch 38 ============
 MNIST      | Train Loss: 0.0205 | Train Acc: 1.0000
 SVHN       | Train Loss: 0.3416 | Train Acc: 0.9502
 USPS       | Train Loss: 0.0239 | Train Acc: 0.9987
 SynthDigits| Train Loss: 0.0372 | Train Acc: 1.0000
 MNIST-M    | Train Loss: 0.0501 | Train Acc: 1.0000
 MNIST      | Test  Loss: 0.1477 | Test  Acc: 0.9588
 SVHN       | Test  Loss: 1.1635 | Test  Acc: 0.6164
 USPS       | Test  Loss: 0.1796 | Test  Acc: 0.9511
 SynthDigits| Test  Loss: 0.6134 | Test  Acc: 0.8049
 MNIST-M    | Test  Loss: 0.7270 | Test  Acc: 0.7634
============ Train epoch 39 ============
 MNIST      | Train Loss: 0.0234 | Train Acc: 1.0000
 SVHN       | Train Loss: 0.3431 | Train Acc: 0.9462
 USPS       | Train Loss: 0.0360 | Train Acc: 0.9919
 SynthDigits| Train Loss: 0.0392 | Train Acc: 1.0000
 MNIST-M    | Train Loss: 0.0430 | Train Acc: 1.0000
 MNIST      | Test  Loss: 0.1583 | Test  Acc: 0.9571
 SVHN       | Test  Loss: 1.1635 | Test  Acc: 0.6176
 USPS       | Test  Loss: 0.2099 | Test  Acc: 0.9414
 SynthDigits| Test  Loss: 0.6220 | Test  Acc: 0.8033
 MNIST-M    | Test  Loss: 0.6992 | Test  Acc: 0.7735
============ Train epoch 40 ============
 MNIST      | Train Loss: 0.0222 | Train Acc: 1.0000
 SVHN       | Train Loss: 0.3271 | Train Acc: 0.9583
 USPS       | Train Loss: 0.0263 | Train Acc: 0.9960
 SynthDigits| Train Loss: 0.0388 | Train Acc: 1.0000
 MNIST-M    | Train Loss: 0.0429 | Train Acc: 1.0000
 MNIST      | Test  Loss: 0.1531 | Test  Acc: 0.9594
 SVHN       | Test  Loss: 1.1454 | Test  Acc: 0.6270
 USPS       | Test  Loss: 0.1895 | Test  Acc: 0.9484
 SynthDigits| Test  Loss: 0.6291 | Test  Acc: 0.8011
 MNIST-M    | Test  Loss: 0.7083 | Test  Acc: 0.7717
============ Train epoch 41 ============
 MNIST      | Train Loss: 0.0349 | Train Acc: 1.0000
 SVHN       | Train Loss: 0.3920 | Train Acc: 0.9246
 USPS       | Train Loss: 0.0611 | Train Acc: 0.9879
 SynthDigits| Train Loss: 0.0598 | Train Acc: 1.0000
 MNIST-M    | Train Loss: 0.0622 | Train Acc: 0.9987
 MNIST      | Test  Loss: 0.1695 | Test  Acc: 0.9551
 SVHN       | Test  Loss: 1.2618 | Test  Acc: 0.5845
 USPS       | Test  Loss: 0.2231 | Test  Acc: 0.9409
 SynthDigits| Test  Loss: 0.6663 | Test  Acc: 0.7871
 MNIST-M    | Test  Loss: 0.7813 | Test  Acc: 0.7434
============ Train epoch 42 ============
 MNIST      | Train Loss: 0.0241 | Train Acc: 1.0000
 SVHN       | Train Loss: 0.3418 | Train Acc: 0.9367
 USPS       | Train Loss: 0.0306 | Train Acc: 0.9946
 SynthDigits| Train Loss: 0.0340 | Train Acc: 1.0000
 MNIST-M    | Train Loss: 0.0485 | Train Acc: 1.0000
 MNIST      | Test  Loss: 0.1552 | Test  Acc: 0.9574
 SVHN       | Test  Loss: 1.2057 | Test  Acc: 0.6067
 USPS       | Test  Loss: 0.1888 | Test  Acc: 0.9478
 SynthDigits| Test  Loss: 0.6244 | Test  Acc: 0.8007
 MNIST-M    | Test  Loss: 0.7574 | Test  Acc: 0.7515
============ Train epoch 43 ============
 MNIST      | Train Loss: 0.0192 | Train Acc: 1.0000
 SVHN       | Train Loss: 0.3043 | Train Acc: 0.9569
 USPS       | Train Loss: 0.0199 | Train Acc: 0.9973
 SynthDigits| Train Loss: 0.0302 | Train Acc: 1.0000
 MNIST-M    | Train Loss: 0.0391 | Train Acc: 1.0000
 MNIST      | Test  Loss: 0.1454 | Test  Acc: 0.9588
 SVHN       | Test  Loss: 1.1418 | Test  Acc: 0.6289
 USPS       | Test  Loss: 0.1846 | Test  Acc: 0.9511
 SynthDigits| Test  Loss: 0.6158 | Test  Acc: 0.8051
 MNIST-M    | Test  Loss: 0.7269 | Test  Acc: 0.7596
============ Train epoch 44 ============
 MNIST      | Train Loss: 0.0250 | Train Acc: 1.0000
 SVHN       | Train Loss: 0.3070 | Train Acc: 0.9569
 USPS       | Train Loss: 0.0192 | Train Acc: 0.9973
 SynthDigits| Train Loss: 0.0313 | Train Acc: 1.0000
 MNIST-M    | Train Loss: 0.0530 | Train Acc: 1.0000
 MNIST      | Test  Loss: 0.1642 | Test  Acc: 0.9524
 SVHN       | Test  Loss: 1.1657 | Test  Acc: 0.6201
 USPS       | Test  Loss: 0.1763 | Test  Acc: 0.9538
 SynthDigits| Test  Loss: 0.6194 | Test  Acc: 0.8033
 MNIST-M    | Test  Loss: 0.7655 | Test  Acc: 0.7457
============ Train epoch 45 ============
 MNIST      | Train Loss: 0.0149 | Train Acc: 1.0000
 SVHN       | Train Loss: 0.3818 | Train Acc: 0.9219
 USPS       | Train Loss: 0.0260 | Train Acc: 0.9960
 SynthDigits| Train Loss: 0.0345 | Train Acc: 0.9987
 MNIST-M    | Train Loss: 0.0306 | Train Acc: 1.0000
 MNIST      | Test  Loss: 0.1403 | Test  Acc: 0.9599
 SVHN       | Test  Loss: 1.2479 | Test  Acc: 0.5916
 USPS       | Test  Loss: 0.1931 | Test  Acc: 0.9457
 SynthDigits| Test  Loss: 0.6274 | Test  Acc: 0.8007
 MNIST-M    | Test  Loss: 0.6835 | Test  Acc: 0.7754
============ Train epoch 46 ============
 MNIST      | Train Loss: 0.0266 | Train Acc: 1.0000
 SVHN       | Train Loss: 0.3214 | Train Acc: 0.9367
 USPS       | Train Loss: 0.0364 | Train Acc: 0.9960
 SynthDigits| Train Loss: 0.0370 | Train Acc: 1.0000
 MNIST-M    | Train Loss: 0.0544 | Train Acc: 0.9987
 MNIST      | Test  Loss: 0.1712 | Test  Acc: 0.9515
 SVHN       | Test  Loss: 1.1761 | Test  Acc: 0.6202
 USPS       | Test  Loss: 0.1930 | Test  Acc: 0.9425
 SynthDigits| Test  Loss: 0.6501 | Test  Acc: 0.7954
 MNIST-M    | Test  Loss: 0.7550 | Test  Acc: 0.7527
============ Train epoch 47 ============
 MNIST      | Train Loss: 0.0175 | Train Acc: 1.0000
 SVHN       | Train Loss: 0.3424 | Train Acc: 0.9408
 USPS       | Train Loss: 0.0249 | Train Acc: 0.9973
 SynthDigits| Train Loss: 0.0294 | Train Acc: 0.9987
 MNIST-M    | Train Loss: 0.0389 | Train Acc: 0.9987
 MNIST      | Test  Loss: 0.1548 | Test  Acc: 0.9559
 SVHN       | Test  Loss: 1.2155 | Test  Acc: 0.6053
 USPS       | Test  Loss: 0.1705 | Test  Acc: 0.9548
 SynthDigits| Test  Loss: 0.6176 | Test  Acc: 0.8050
 MNIST-M    | Test  Loss: 0.7314 | Test  Acc: 0.7584
============ Train epoch 48 ============
 MNIST      | Train Loss: 0.0184 | Train Acc: 1.0000
 SVHN       | Train Loss: 0.3370 | Train Acc: 0.9381
 USPS       | Train Loss: 0.0265 | Train Acc: 0.9960
 SynthDigits| Train Loss: 0.0373 | Train Acc: 1.0000
 MNIST-M    | Train Loss: 0.0342 | Train Acc: 1.0000
 MNIST      | Test  Loss: 0.1507 | Test  Acc: 0.9565
 SVHN       | Test  Loss: 1.2252 | Test  Acc: 0.6013
 USPS       | Test  Loss: 0.1898 | Test  Acc: 0.9462
 SynthDigits| Test  Loss: 0.6358 | Test  Acc: 0.7985
 MNIST-M    | Test  Loss: 0.7057 | Test  Acc: 0.7659
============ Train epoch 49 ============
 MNIST      | Train Loss: 0.0200 | Train Acc: 1.0000
 SVHN       | Train Loss: 0.3355 | Train Acc: 0.9341
 USPS       | Train Loss: 0.0207 | Train Acc: 1.0000
 SynthDigits| Train Loss: 0.0310 | Train Acc: 1.0000
 MNIST-M    | Train Loss: 0.0351 | Train Acc: 1.0000
 MNIST      | Test  Loss: 0.1490 | Test  Acc: 0.9589
 SVHN       | Test  Loss: 1.2100 | Test  Acc: 0.6030
 USPS       | Test  Loss: 0.1655 | Test  Acc: 0.9522
 SynthDigits| Test  Loss: 0.6183 | Test  Acc: 0.8037
 MNIST-M    | Test  Loss: 0.7310 | Test  Acc: 0.7599
============ Train epoch 50 ============
 MNIST      | Train Loss: 0.0185 | Train Acc: 1.0000
 SVHN       | Train Loss: 0.3007 | Train Acc: 0.9650
 USPS       | Train Loss: 0.0108 | Train Acc: 1.0000
 SynthDigits| Train Loss: 0.0264 | Train Acc: 1.0000
 MNIST-M    | Train Loss: 0.0369 | Train Acc: 1.0000
 MNIST      | Test  Loss: 0.1478 | Test  Acc: 0.9567
 SVHN       | Test  Loss: 1.1469 | Test  Acc: 0.6252
 USPS       | Test  Loss: 0.1571 | Test  Acc: 0.9565
 SynthDigits| Test  Loss: 0.6144 | Test  Acc: 0.8049
 MNIST-M    | Test  Loss: 0.7444 | Test  Acc: 0.7534
============ Train epoch 51 ============
 MNIST      | Train Loss: 0.0181 | Train Acc: 1.0000
 SVHN       | Train Loss: 0.2911 | Train Acc: 0.9569
 USPS       | Train Loss: 0.0166 | Train Acc: 1.0000
 SynthDigits| Train Loss: 0.0268 | Train Acc: 1.0000
 MNIST-M    | Train Loss: 0.0340 | Train Acc: 1.0000
 MNIST      | Test  Loss: 0.1453 | Test  Acc: 0.9589
 SVHN       | Test  Loss: 1.1445 | Test  Acc: 0.6275
 USPS       | Test  Loss: 0.1720 | Test  Acc: 0.9527
 SynthDigits| Test  Loss: 0.6101 | Test  Acc: 0.8072
 MNIST-M    | Test  Loss: 0.7285 | Test  Acc: 0.7567
============ Train epoch 52 ============
 MNIST      | Train Loss: 0.0287 | Train Acc: 1.0000
 SVHN       | Train Loss: 0.2833 | Train Acc: 0.9623
 USPS       | Train Loss: 0.0170 | Train Acc: 0.9987
 SynthDigits| Train Loss: 0.0252 | Train Acc: 1.0000
 MNIST-M    | Train Loss: 0.0431 | Train Acc: 1.0000
 MNIST      | Test  Loss: 0.1693 | Test  Acc: 0.9512
 SVHN       | Test  Loss: 1.1608 | Test  Acc: 0.6217
 USPS       | Test  Loss: 0.1694 | Test  Acc: 0.9543
 SynthDigits| Test  Loss: 0.6048 | Test  Acc: 0.8091
 MNIST-M    | Test  Loss: 0.7583 | Test  Acc: 0.7492
============ Train epoch 53 ============
 MNIST      | Train Loss: 0.0119 | Train Acc: 1.0000
 SVHN       | Train Loss: 0.3344 | Train Acc: 0.9367
 USPS       | Train Loss: 0.0292 | Train Acc: 0.9919
 SynthDigits| Train Loss: 0.0286 | Train Acc: 1.0000
 MNIST-M    | Train Loss: 0.0305 | Train Acc: 1.0000
 MNIST      | Test  Loss: 0.1395 | Test  Acc: 0.9609
 SVHN       | Test  Loss: 1.1901 | Test  Acc: 0.6130
 USPS       | Test  Loss: 0.1897 | Test  Acc: 0.9473
 SynthDigits| Test  Loss: 0.6135 | Test  Acc: 0.8074
 MNIST-M    | Test  Loss: 0.7175 | Test  Acc: 0.7616
============ Train epoch 54 ============
 MNIST      | Train Loss: 0.0158 | Train Acc: 1.0000
 SVHN       | Train Loss: 0.3036 | Train Acc: 0.9596
 USPS       | Train Loss: 0.0211 | Train Acc: 0.9973
 SynthDigits| Train Loss: 0.0243 | Train Acc: 1.0000
 MNIST-M    | Train Loss: 0.0294 | Train Acc: 1.0000
 MNIST      | Test  Loss: 0.1681 | Test  Acc: 0.9494
 SVHN       | Test  Loss: 1.1847 | Test  Acc: 0.6135
 USPS       | Test  Loss: 0.1782 | Test  Acc: 0.9505
 SynthDigits| Test  Loss: 0.6239 | Test  Acc: 0.8035
 MNIST-M    | Test  Loss: 0.7089 | Test  Acc: 0.7658
============ Train epoch 55 ============
 MNIST      | Train Loss: 0.0121 | Train Acc: 1.0000
 SVHN       | Train Loss: 0.2851 | Train Acc: 0.9556
 USPS       | Train Loss: 0.0148 | Train Acc: 1.0000
 SynthDigits| Train Loss: 0.0199 | Train Acc: 1.0000
 MNIST-M    | Train Loss: 0.0300 | Train Acc: 1.0000
 MNIST      | Test  Loss: 0.1437 | Test  Acc: 0.9584
 SVHN       | Test  Loss: 1.2003 | Test  Acc: 0.6112
 USPS       | Test  Loss: 0.1726 | Test  Acc: 0.9538
 SynthDigits| Test  Loss: 0.6036 | Test  Acc: 0.8104
 MNIST-M    | Test  Loss: 0.7200 | Test  Acc: 0.7626
============ Train epoch 56 ============
 MNIST      | Train Loss: 0.0142 | Train Acc: 1.0000
 SVHN       | Train Loss: 0.2637 | Train Acc: 0.9637
 USPS       | Train Loss: 0.0157 | Train Acc: 1.0000
 SynthDigits| Train Loss: 0.0200 | Train Acc: 1.0000
 MNIST-M    | Train Loss: 0.0265 | Train Acc: 1.0000
 MNIST      | Test  Loss: 0.1470 | Test  Acc: 0.9570
 SVHN       | Test  Loss: 1.1469 | Test  Acc: 0.6290
 USPS       | Test  Loss: 0.1785 | Test  Acc: 0.9495
 SynthDigits| Test  Loss: 0.6130 | Test  Acc: 0.8072
 MNIST-M    | Test  Loss: 0.7092 | Test  Acc: 0.7648
============ Train epoch 57 ============
 MNIST      | Train Loss: 0.0132 | Train Acc: 1.0000
 SVHN       | Train Loss: 0.2483 | Train Acc: 0.9771
 USPS       | Train Loss: 0.0170 | Train Acc: 1.0000
 SynthDigits| Train Loss: 0.0197 | Train Acc: 1.0000
 MNIST-M    | Train Loss: 0.0251 | Train Acc: 1.0000
 MNIST      | Test  Loss: 0.1444 | Test  Acc: 0.9570
 SVHN       | Test  Loss: 1.1238 | Test  Acc: 0.6382
 USPS       | Test  Loss: 0.1826 | Test  Acc: 0.9527
 SynthDigits| Test  Loss: 0.6104 | Test  Acc: 0.8076
 MNIST-M    | Test  Loss: 0.6999 | Test  Acc: 0.7711
============ Train epoch 58 ============
 MNIST      | Train Loss: 0.0291 | Train Acc: 0.9973
 SVHN       | Train Loss: 0.3030 | Train Acc: 0.9489
 USPS       | Train Loss: 0.0180 | Train Acc: 0.9987
 SynthDigits| Train Loss: 0.0292 | Train Acc: 1.0000
 MNIST-M    | Train Loss: 0.0346 | Train Acc: 1.0000
 MNIST      | Test  Loss: 0.1773 | Test  Acc: 0.9486
 SVHN       | Test  Loss: 1.1808 | Test  Acc: 0.6202
 USPS       | Test  Loss: 0.1747 | Test  Acc: 0.9532
 SynthDigits| Test  Loss: 0.6326 | Test  Acc: 0.8012
 MNIST-M    | Test  Loss: 0.7344 | Test  Acc: 0.7600
============ Train epoch 59 ============
 MNIST      | Train Loss: 0.0179 | Train Acc: 0.9987
 SVHN       | Train Loss: 0.2878 | Train Acc: 0.9502
 USPS       | Train Loss: 0.0176 | Train Acc: 1.0000
 SynthDigits| Train Loss: 0.0228 | Train Acc: 1.0000
 MNIST-M    | Train Loss: 0.0323 | Train Acc: 1.0000
 MNIST      | Test  Loss: 0.1488 | Test  Acc: 0.9576
 SVHN       | Test  Loss: 1.1399 | Test  Acc: 0.6360
 USPS       | Test  Loss: 0.1807 | Test  Acc: 0.9495
 SynthDigits| Test  Loss: 0.6139 | Test  Acc: 0.8068
 MNIST-M    | Test  Loss: 0.7482 | Test  Acc: 0.7522
============ Train epoch 60 ============
 MNIST      | Train Loss: 0.0191 | Train Acc: 1.0000
 SVHN       | Train Loss: 0.2835 | Train Acc: 0.9637
 USPS       | Train Loss: 0.0126 | Train Acc: 1.0000
 SynthDigits| Train Loss: 0.0196 | Train Acc: 1.0000
 MNIST-M    | Train Loss: 0.0259 | Train Acc: 1.0000
 MNIST      | Test  Loss: 0.1515 | Test  Acc: 0.9571
 SVHN       | Test  Loss: 1.1272 | Test  Acc: 0.6366
 USPS       | Test  Loss: 0.1712 | Test  Acc: 0.9505
 SynthDigits| Test  Loss: 0.6085 | Test  Acc: 0.8085
 MNIST-M    | Test  Loss: 0.7367 | Test  Acc: 0.7569
============ Train epoch 61 ============
 MNIST      | Train Loss: 0.0234 | Train Acc: 0.9987
 SVHN       | Train Loss: 0.3023 | Train Acc: 0.9408
 USPS       | Train Loss: 0.0144 | Train Acc: 1.0000
 SynthDigits| Train Loss: 0.0255 | Train Acc: 1.0000
 MNIST-M    | Train Loss: 0.0338 | Train Acc: 0.9987
 MNIST      | Test  Loss: 0.1757 | Test  Acc: 0.9472
 SVHN       | Test  Loss: 1.1815 | Test  Acc: 0.6150
 USPS       | Test  Loss: 0.1768 | Test  Acc: 0.9511
 SynthDigits| Test  Loss: 0.6363 | Test  Acc: 0.7998
 MNIST-M    | Test  Loss: 0.7540 | Test  Acc: 0.7506
============ Train epoch 62 ============
 MNIST      | Train Loss: 0.0140 | Train Acc: 1.0000
 SVHN       | Train Loss: 0.2745 | Train Acc: 0.9421
 USPS       | Train Loss: 0.0146 | Train Acc: 1.0000
 SynthDigits| Train Loss: 0.0178 | Train Acc: 1.0000
 MNIST-M    | Train Loss: 0.0261 | Train Acc: 1.0000
 MNIST      | Test  Loss: 0.1444 | Test  Acc: 0.9584
 SVHN       | Test  Loss: 1.1803 | Test  Acc: 0.6150
 USPS       | Test  Loss: 0.1814 | Test  Acc: 0.9495
 SynthDigits| Test  Loss: 0.6138 | Test  Acc: 0.8071
 MNIST-M    | Test  Loss: 0.7429 | Test  Acc: 0.7564
============ Train epoch 63 ============
 MNIST      | Train Loss: 0.0219 | Train Acc: 1.0000
 SVHN       | Train Loss: 0.2957 | Train Acc: 0.9273
 USPS       | Train Loss: 0.0141 | Train Acc: 1.0000
 SynthDigits| Train Loss: 0.0252 | Train Acc: 1.0000
 MNIST-M    | Train Loss: 0.0311 | Train Acc: 1.0000
 MNIST      | Test  Loss: 0.1525 | Test  Acc: 0.9570
 SVHN       | Test  Loss: 1.2158 | Test  Acc: 0.6073
 USPS       | Test  Loss: 0.1735 | Test  Acc: 0.9538
 SynthDigits| Test  Loss: 0.6464 | Test  Acc: 0.7965
 MNIST-M    | Test  Loss: 0.7679 | Test  Acc: 0.7501
============ Train epoch 64 ============
 MNIST      | Train Loss: 0.0376 | Train Acc: 0.9987
 SVHN       | Train Loss: 0.2879 | Train Acc: 0.9502
 USPS       | Train Loss: 0.0125 | Train Acc: 1.0000
 SynthDigits| Train Loss: 0.0226 | Train Acc: 1.0000
 MNIST-M    | Train Loss: 0.0645 | Train Acc: 0.9973
 MNIST      | Test  Loss: 0.1807 | Test  Acc: 0.9486
 SVHN       | Test  Loss: 1.1798 | Test  Acc: 0.6154
 USPS       | Test  Loss: 0.1650 | Test  Acc: 0.9575
 SynthDigits| Test  Loss: 0.6107 | Test  Acc: 0.8059
 MNIST-M    | Test  Loss: 0.8517 | Test  Acc: 0.7182
============ Train epoch 65 ============
 MNIST      | Train Loss: 0.0162 | Train Acc: 0.9987
 SVHN       | Train Loss: 0.2968 | Train Acc: 0.9421
 USPS       | Train Loss: 0.0177 | Train Acc: 0.9973
 SynthDigits| Train Loss: 0.0189 | Train Acc: 1.0000
 MNIST-M    | Train Loss: 0.0271 | Train Acc: 1.0000
 MNIST      | Test  Loss: 0.1566 | Test  Acc: 0.9534
 SVHN       | Test  Loss: 1.1925 | Test  Acc: 0.6141
 USPS       | Test  Loss: 0.1839 | Test  Acc: 0.9527
 SynthDigits| Test  Loss: 0.6066 | Test  Acc: 0.8091
 MNIST-M    | Test  Loss: 0.7359 | Test  Acc: 0.7549
============ Train epoch 66 ============
 MNIST      | Train Loss: 0.0121 | Train Acc: 1.0000
 SVHN       | Train Loss: 0.2755 | Train Acc: 0.9542
 USPS       | Train Loss: 0.0164 | Train Acc: 0.9987
 SynthDigits| Train Loss: 0.0158 | Train Acc: 1.0000
 MNIST-M    | Train Loss: 0.0224 | Train Acc: 1.0000
 MNIST      | Test  Loss: 0.1456 | Test  Acc: 0.9565
 SVHN       | Test  Loss: 1.1801 | Test  Acc: 0.6196
 USPS       | Test  Loss: 0.1784 | Test  Acc: 0.9527
 SynthDigits| Test  Loss: 0.5988 | Test  Acc: 0.8115
 MNIST-M    | Test  Loss: 0.7122 | Test  Acc: 0.7653
============ Train epoch 67 ============
 MNIST      | Train Loss: 0.0333 | Train Acc: 1.0000
 SVHN       | Train Loss: 0.2880 | Train Acc: 0.9475
 USPS       | Train Loss: 0.0173 | Train Acc: 1.0000
 SynthDigits| Train Loss: 0.0229 | Train Acc: 1.0000
 MNIST-M    | Train Loss: 0.0457 | Train Acc: 0.9973
 MNIST      | Test  Loss: 0.1845 | Test  Acc: 0.9471
 SVHN       | Test  Loss: 1.1634 | Test  Acc: 0.6208
 USPS       | Test  Loss: 0.1683 | Test  Acc: 0.9586
 SynthDigits| Test  Loss: 0.6150 | Test  Acc: 0.8066
 MNIST-M    | Test  Loss: 0.8001 | Test  Acc: 0.7381
============ Train epoch 68 ============
 MNIST      | Train Loss: 0.0215 | Train Acc: 1.0000
 SVHN       | Train Loss: 0.2896 | Train Acc: 0.9341
 USPS       | Train Loss: 0.0114 | Train Acc: 1.0000
 SynthDigits| Train Loss: 0.0173 | Train Acc: 1.0000
 MNIST-M    | Train Loss: 0.0236 | Train Acc: 1.0000
 MNIST      | Test  Loss: 0.1570 | Test  Acc: 0.9574
 SVHN       | Test  Loss: 1.2020 | Test  Acc: 0.6145
 USPS       | Test  Loss: 0.1621 | Test  Acc: 0.9565
 SynthDigits| Test  Loss: 0.6106 | Test  Acc: 0.8072
 MNIST-M    | Test  Loss: 0.7344 | Test  Acc: 0.7594
============ Train epoch 69 ============
 MNIST      | Train Loss: 0.0321 | Train Acc: 0.9987
 SVHN       | Train Loss: 0.3049 | Train Acc: 0.9166
 USPS       | Train Loss: 0.0114 | Train Acc: 1.0000
 SynthDigits| Train Loss: 0.0184 | Train Acc: 1.0000
 MNIST-M    | Train Loss: 0.0302 | Train Acc: 1.0000
 MNIST      | Test  Loss: 0.1647 | Test  Acc: 0.9560
 SVHN       | Test  Loss: 1.2582 | Test  Acc: 0.5952
 USPS       | Test  Loss: 0.1704 | Test  Acc: 0.9543
 SynthDigits| Test  Loss: 0.6228 | Test  Acc: 0.8035
 MNIST-M    | Test  Loss: 0.7441 | Test  Acc: 0.7548
============ Train epoch 70 ============
 MNIST      | Train Loss: 0.0508 | Train Acc: 0.9919
 SVHN       | Train Loss: 0.3311 | Train Acc: 0.9192
 USPS       | Train Loss: 0.0202 | Train Acc: 1.0000
 SynthDigits| Train Loss: 0.0300 | Train Acc: 1.0000
 MNIST-M    | Train Loss: 0.0645 | Train Acc: 0.9946
 MNIST      | Test  Loss: 0.2149 | Test  Acc: 0.9388
 SVHN       | Test  Loss: 1.2237 | Test  Acc: 0.6017
 USPS       | Test  Loss: 0.1806 | Test  Acc: 0.9489
 SynthDigits| Test  Loss: 0.6321 | Test  Acc: 0.8010
 MNIST-M    | Test  Loss: 0.8630 | Test  Acc: 0.7176
============ Train epoch 71 ============
 MNIST      | Train Loss: 0.0183 | Train Acc: 1.0000
 SVHN       | Train Loss: 0.3340 | Train Acc: 0.9152
 USPS       | Train Loss: 0.0128 | Train Acc: 1.0000
 SynthDigits| Train Loss: 0.0178 | Train Acc: 1.0000
 MNIST-M    | Train Loss: 0.0274 | Train Acc: 0.9987
 MNIST      | Test  Loss: 0.1534 | Test  Acc: 0.9573
 SVHN       | Test  Loss: 1.2663 | Test  Acc: 0.5932
 USPS       | Test  Loss: 0.1686 | Test  Acc: 0.9532
 SynthDigits| Test  Loss: 0.6170 | Test  Acc: 0.8080
 MNIST-M    | Test  Loss: 0.7454 | Test  Acc: 0.7564
============ Train epoch 72 ============
 MNIST      | Train Loss: 0.0142 | Train Acc: 1.0000
 SVHN       | Train Loss: 0.2665 | Train Acc: 0.9583
 USPS       | Train Loss: 0.0112 | Train Acc: 1.0000
 SynthDigits| Train Loss: 0.0147 | Train Acc: 1.0000
 MNIST-M    | Train Loss: 0.0237 | Train Acc: 1.0000
 MNIST      | Test  Loss: 0.1489 | Test  Acc: 0.9573
 SVHN       | Test  Loss: 1.1882 | Test  Acc: 0.6181
 USPS       | Test  Loss: 0.1724 | Test  Acc: 0.9527
 SynthDigits| Test  Loss: 0.6159 | Test  Acc: 0.8069
 MNIST-M    | Test  Loss: 0.7287 | Test  Acc: 0.7597
============ Train epoch 73 ============
 MNIST      | Train Loss: 0.0215 | Train Acc: 1.0000
 SVHN       | Train Loss: 0.2472 | Train Acc: 0.9650
 USPS       | Train Loss: 0.0103 | Train Acc: 1.0000
 SynthDigits| Train Loss: 0.0158 | Train Acc: 1.0000
 MNIST-M    | Train Loss: 0.0308 | Train Acc: 1.0000
 MNIST      | Test  Loss: 0.1496 | Test  Acc: 0.9593
 SVHN       | Test  Loss: 1.1709 | Test  Acc: 0.6217
 USPS       | Test  Loss: 0.1666 | Test  Acc: 0.9532
 SynthDigits| Test  Loss: 0.6021 | Test  Acc: 0.8103
 MNIST-M    | Test  Loss: 0.7520 | Test  Acc: 0.7545
============ Train epoch 74 ============
 MNIST      | Train Loss: 0.0266 | Train Acc: 0.9987
 SVHN       | Train Loss: 0.4570 | Train Acc: 0.8829
 USPS       | Train Loss: 0.0369 | Train Acc: 0.9906
 SynthDigits| Train Loss: 0.0372 | Train Acc: 0.9987
 MNIST-M    | Train Loss: 0.0354 | Train Acc: 0.9973
 MNIST      | Test  Loss: 0.1838 | Test  Acc: 0.9471
 SVHN       | Test  Loss: 1.3951 | Test  Acc: 0.5659
 USPS       | Test  Loss: 0.2293 | Test  Acc: 0.9403
 SynthDigits| Test  Loss: 0.6790 | Test  Acc: 0.7868
 MNIST-M    | Test  Loss: 0.7542 | Test  Acc: 0.7509
============ Train epoch 75 ============
 MNIST      | Train Loss: 0.0173 | Train Acc: 1.0000
 SVHN       | Train Loss: 0.2723 | Train Acc: 0.9502
 USPS       | Train Loss: 0.0106 | Train Acc: 1.0000
 SynthDigits| Train Loss: 0.0161 | Train Acc: 1.0000
 MNIST-M    | Train Loss: 0.0345 | Train Acc: 0.9973
 MNIST      | Test  Loss: 0.1608 | Test  Acc: 0.9539
 SVHN       | Test  Loss: 1.1993 | Test  Acc: 0.6135
 USPS       | Test  Loss: 0.1725 | Test  Acc: 0.9522
 SynthDigits| Test  Loss: 0.6109 | Test  Acc: 0.8073
 MNIST-M    | Test  Loss: 0.7483 | Test  Acc: 0.7555
============ Train epoch 76 ============
 MNIST      | Train Loss: 0.0231 | Train Acc: 0.9987
 SVHN       | Train Loss: 0.3975 | Train Acc: 0.8950
 USPS       | Train Loss: 0.0332 | Train Acc: 0.9892
 SynthDigits| Train Loss: 0.0570 | Train Acc: 0.9933
 MNIST-M    | Train Loss: 0.0751 | Train Acc: 0.9906
 MNIST      | Test  Loss: 0.1933 | Test  Acc: 0.9389
 SVHN       | Test  Loss: 1.3076 | Test  Acc: 0.5875
 USPS       | Test  Loss: 0.2036 | Test  Acc: 0.9414
 SynthDigits| Test  Loss: 0.7333 | Test  Acc: 0.7727
 MNIST-M    | Test  Loss: 0.8799 | Test  Acc: 0.7089
============ Train epoch 77 ============
 MNIST      | Train Loss: 0.1493 | Train Acc: 0.9462
 SVHN       | Train Loss: 0.3849 | Train Acc: 0.9044
 USPS       | Train Loss: 0.0398 | Train Acc: 0.9960
 SynthDigits| Train Loss: 0.0404 | Train Acc: 0.9973
 MNIST-M    | Train Loss: 0.0914 | Train Acc: 0.9798
 MNIST      | Test  Loss: 0.3041 | Test  Acc: 0.8972
 SVHN       | Test  Loss: 1.3072 | Test  Acc: 0.5773
 USPS       | Test  Loss: 0.1931 | Test  Acc: 0.9505
 SynthDigits| Test  Loss: 0.6621 | Test  Acc: 0.7948
 MNIST-M    | Test  Loss: 0.8980 | Test  Acc: 0.7044
============ Train epoch 78 ============
 MNIST      | Train Loss: 0.0294 | Train Acc: 0.9973
 SVHN       | Train Loss: 0.2910 | Train Acc: 0.9408
 USPS       | Train Loss: 0.0063 | Train Acc: 1.0000
 SynthDigits| Train Loss: 0.0145 | Train Acc: 1.0000
 MNIST-M    | Train Loss: 0.0246 | Train Acc: 1.0000
 MNIST      | Test  Loss: 0.1793 | Test  Acc: 0.9476
 SVHN       | Test  Loss: 1.1905 | Test  Acc: 0.6151
 USPS       | Test  Loss: 0.1672 | Test  Acc: 0.9543
 SynthDigits| Test  Loss: 0.6073 | Test  Acc: 0.8108
 MNIST-M    | Test  Loss: 0.7424 | Test  Acc: 0.7547
============ Train epoch 79 ============
 MNIST      | Train Loss: 0.0209 | Train Acc: 0.9973
 SVHN       | Train Loss: 0.2304 | Train Acc: 0.9704
 USPS       | Train Loss: 0.0084 | Train Acc: 1.0000
 SynthDigits| Train Loss: 0.0135 | Train Acc: 1.0000
 MNIST-M    | Train Loss: 0.0244 | Train Acc: 0.9987
 MNIST      | Test  Loss: 0.1518 | Test  Acc: 0.9568
 SVHN       | Test  Loss: 1.1542 | Test  Acc: 0.6261
 USPS       | Test  Loss: 0.1718 | Test  Acc: 0.9548
 SynthDigits| Test  Loss: 0.6057 | Test  Acc: 0.8108
 MNIST-M    | Test  Loss: 0.7396 | Test  Acc: 0.7541
============ Train epoch 80 ============
 MNIST      | Train Loss: 0.0129 | Train Acc: 1.0000
 SVHN       | Train Loss: 0.2581 | Train Acc: 0.9556
 USPS       | Train Loss: 0.0115 | Train Acc: 1.0000
 SynthDigits| Train Loss: 0.0158 | Train Acc: 1.0000
 MNIST-M    | Train Loss: 0.0162 | Train Acc: 1.0000
 MNIST      | Test  Loss: 0.1424 | Test  Acc: 0.9591
 SVHN       | Test  Loss: 1.1943 | Test  Acc: 0.6128
 USPS       | Test  Loss: 0.1771 | Test  Acc: 0.9532
 SynthDigits| Test  Loss: 0.6300 | Test  Acc: 0.8026
 MNIST-M    | Test  Loss: 0.6829 | Test  Acc: 0.7766
============ Train epoch 81 ============
 MNIST      | Train Loss: 0.0148 | Train Acc: 1.0000
 SVHN       | Train Loss: 0.2571 | Train Acc: 0.9677
 USPS       | Train Loss: 0.0081 | Train Acc: 1.0000
 SynthDigits| Train Loss: 0.0132 | Train Acc: 1.0000
 MNIST-M    | Train Loss: 0.0159 | Train Acc: 1.0000
 MNIST      | Test  Loss: 0.1406 | Test  Acc: 0.9609
 SVHN       | Test  Loss: 1.2129 | Test  Acc: 0.6100
 USPS       | Test  Loss: 0.1696 | Test  Acc: 0.9543
 SynthDigits| Test  Loss: 0.6155 | Test  Acc: 0.8077
 MNIST-M    | Test  Loss: 0.6938 | Test  Acc: 0.7724
============ Train epoch 82 ============
 MNIST      | Train Loss: 0.0213 | Train Acc: 0.9973
 SVHN       | Train Loss: 0.4114 | Train Acc: 0.8950
 USPS       | Train Loss: 0.0278 | Train Acc: 0.9933
 SynthDigits| Train Loss: 0.0361 | Train Acc: 1.0000
 MNIST-M    | Train Loss: 0.0257 | Train Acc: 1.0000
 MNIST      | Test  Loss: 0.1779 | Test  Acc: 0.9461
 SVHN       | Test  Loss: 1.3409 | Test  Acc: 0.5669
 USPS       | Test  Loss: 0.2233 | Test  Acc: 0.9430
 SynthDigits| Test  Loss: 0.6843 | Test  Acc: 0.7855
 MNIST-M    | Test  Loss: 0.7196 | Test  Acc: 0.7632
============ Train epoch 83 ============
 MNIST      | Train Loss: 0.0080 | Train Acc: 1.0000
 SVHN       | Train Loss: 0.2706 | Train Acc: 0.9435
 USPS       | Train Loss: 0.0092 | Train Acc: 0.9987
 SynthDigits| Train Loss: 0.0195 | Train Acc: 1.0000
 MNIST-M    | Train Loss: 0.0195 | Train Acc: 1.0000
 MNIST      | Test  Loss: 0.1333 | Test  Acc: 0.9613
 SVHN       | Test  Loss: 1.2162 | Test  Acc: 0.6101
 USPS       | Test  Loss: 0.1643 | Test  Acc: 0.9559
 SynthDigits| Test  Loss: 0.6434 | Test  Acc: 0.7987
 MNIST-M    | Test  Loss: 0.6917 | Test  Acc: 0.7756
============ Train epoch 84 ============
 MNIST      | Train Loss: 0.0106 | Train Acc: 1.0000
 SVHN       | Train Loss: 0.2223 | Train Acc: 0.9690
 USPS       | Train Loss: 0.0052 | Train Acc: 1.0000
 SynthDigits| Train Loss: 0.0128 | Train Acc: 1.0000
 MNIST-M    | Train Loss: 0.0189 | Train Acc: 1.0000
 MNIST      | Test  Loss: 0.1345 | Test  Acc: 0.9616
 SVHN       | Test  Loss: 1.1471 | Test  Acc: 0.6314
 USPS       | Test  Loss: 0.1566 | Test  Acc: 0.9565
 SynthDigits| Test  Loss: 0.6155 | Test  Acc: 0.8070
 MNIST-M    | Test  Loss: 0.7126 | Test  Acc: 0.7694
============ Train epoch 85 ============
 MNIST      | Train Loss: 0.0099 | Train Acc: 1.0000
 SVHN       | Train Loss: 0.2220 | Train Acc: 0.9704
 USPS       | Train Loss: 0.0068 | Train Acc: 1.0000
 SynthDigits| Train Loss: 0.0131 | Train Acc: 1.0000
 MNIST-M    | Train Loss: 0.0163 | Train Acc: 1.0000
 MNIST      | Test  Loss: 0.1326 | Test  Acc: 0.9613
 SVHN       | Test  Loss: 1.1412 | Test  Acc: 0.6345
 USPS       | Test  Loss: 0.1656 | Test  Acc: 0.9559
 SynthDigits| Test  Loss: 0.6119 | Test  Acc: 0.8083
 MNIST-M    | Test  Loss: 0.6918 | Test  Acc: 0.7750
============ Train epoch 86 ============
 MNIST      | Train Loss: 0.0109 | Train Acc: 1.0000
 SVHN       | Train Loss: 0.2096 | Train Acc: 0.9744
 USPS       | Train Loss: 0.0055 | Train Acc: 1.0000
 SynthDigits| Train Loss: 0.0114 | Train Acc: 1.0000
 MNIST-M    | Train Loss: 0.0160 | Train Acc: 0.9987
 MNIST      | Test  Loss: 0.1330 | Test  Acc: 0.9614
 SVHN       | Test  Loss: 1.1178 | Test  Acc: 0.6406
 USPS       | Test  Loss: 0.1590 | Test  Acc: 0.9581
 SynthDigits| Test  Loss: 0.5987 | Test  Acc: 0.8124
 MNIST-M    | Test  Loss: 0.7024 | Test  Acc: 0.7702
============ Train epoch 87 ============
 MNIST      | Train Loss: 0.0098 | Train Acc: 1.0000
 SVHN       | Train Loss: 0.2281 | Train Acc: 0.9637
 USPS       | Train Loss: 0.0157 | Train Acc: 0.9946
 SynthDigits| Train Loss: 0.0122 | Train Acc: 1.0000
 MNIST-M    | Train Loss: 0.0134 | Train Acc: 1.0000
 MNIST      | Test  Loss: 0.1335 | Test  Acc: 0.9629
 SVHN       | Test  Loss: 1.1388 | Test  Acc: 0.6354
 USPS       | Test  Loss: 0.1903 | Test  Acc: 0.9505
 SynthDigits| Test  Loss: 0.6219 | Test  Acc: 0.8056
 MNIST-M    | Test  Loss: 0.6687 | Test  Acc: 0.7817
============ Train epoch 88 ============
 MNIST      | Train Loss: 0.0118 | Train Acc: 1.0000
 SVHN       | Train Loss: 0.2108 | Train Acc: 0.9690
 USPS       | Train Loss: 0.0094 | Train Acc: 1.0000
 SynthDigits| Train Loss: 0.0103 | Train Acc: 1.0000
 MNIST-M    | Train Loss: 0.0142 | Train Acc: 1.0000
 MNIST      | Test  Loss: 0.1353 | Test  Acc: 0.9621
 SVHN       | Test  Loss: 1.1239 | Test  Acc: 0.6391
 USPS       | Test  Loss: 0.1800 | Test  Acc: 0.9543
 SynthDigits| Test  Loss: 0.6009 | Test  Acc: 0.8128
 MNIST-M    | Test  Loss: 0.6804 | Test  Acc: 0.7761
============ Train epoch 89 ============
 MNIST      | Train Loss: 0.0092 | Train Acc: 1.0000
 SVHN       | Train Loss: 0.2017 | Train Acc: 0.9771
 USPS       | Train Loss: 0.0085 | Train Acc: 1.0000
 SynthDigits| Train Loss: 0.0095 | Train Acc: 1.0000
 MNIST-M    | Train Loss: 0.0157 | Train Acc: 1.0000
 MNIST      | Test  Loss: 0.1287 | Test  Acc: 0.9625
 SVHN       | Test  Loss: 1.0987 | Test  Acc: 0.6452
 USPS       | Test  Loss: 0.1723 | Test  Acc: 0.9543
 SynthDigits| Test  Loss: 0.5991 | Test  Acc: 0.8132
 MNIST-M    | Test  Loss: 0.6979 | Test  Acc: 0.7725
============ Train epoch 90 ============
 MNIST      | Train Loss: 0.0243 | Train Acc: 0.9987
 SVHN       | Train Loss: 0.2043 | Train Acc: 0.9704
 USPS       | Train Loss: 0.0082 | Train Acc: 1.0000
 SynthDigits| Train Loss: 0.0118 | Train Acc: 1.0000
 MNIST-M    | Train Loss: 0.0229 | Train Acc: 0.9987
 MNIST      | Test  Loss: 0.1530 | Test  Acc: 0.9555
 SVHN       | Test  Loss: 1.0877 | Test  Acc: 0.6513
 USPS       | Test  Loss: 0.1704 | Test  Acc: 0.9575
 SynthDigits| Test  Loss: 0.6133 | Test  Acc: 0.8101
 MNIST-M    | Test  Loss: 0.7254 | Test  Acc: 0.7654
============ Train epoch 91 ============
 MNIST      | Train Loss: 0.0102 | Train Acc: 1.0000
 SVHN       | Train Loss: 0.1996 | Train Acc: 0.9690
 USPS       | Train Loss: 0.0084 | Train Acc: 1.0000
 SynthDigits| Train Loss: 0.0122 | Train Acc: 1.0000
 MNIST-M    | Train Loss: 0.0129 | Train Acc: 1.0000
 MNIST      | Test  Loss: 0.1380 | Test  Acc: 0.9597
 SVHN       | Test  Loss: 1.0986 | Test  Acc: 0.6469
 USPS       | Test  Loss: 0.1620 | Test  Acc: 0.9586
 SynthDigits| Test  Loss: 0.6173 | Test  Acc: 0.8076
 MNIST-M    | Test  Loss: 0.6849 | Test  Acc: 0.7753
============ Train epoch 92 ============
 MNIST      | Train Loss: 0.0190 | Train Acc: 1.0000
 SVHN       | Train Loss: 0.2123 | Train Acc: 0.9677
 USPS       | Train Loss: 0.0070 | Train Acc: 0.9987
 SynthDigits| Train Loss: 0.0160 | Train Acc: 1.0000
 MNIST-M    | Train Loss: 0.0225 | Train Acc: 1.0000
 MNIST      | Test  Loss: 0.1534 | Test  Acc: 0.9553
 SVHN       | Test  Loss: 1.1283 | Test  Acc: 0.6382
 USPS       | Test  Loss: 0.1566 | Test  Acc: 0.9597
 SynthDigits| Test  Loss: 0.6290 | Test  Acc: 0.8034
 MNIST-M    | Test  Loss: 0.7642 | Test  Acc: 0.7516
============ Train epoch 93 ============
 MNIST      | Train Loss: 0.0405 | Train Acc: 0.9960
 SVHN       | Train Loss: 0.2770 | Train Acc: 0.9394
 USPS       | Train Loss: 0.0075 | Train Acc: 1.0000
 SynthDigits| Train Loss: 0.0163 | Train Acc: 1.0000
 MNIST-M    | Train Loss: 0.0300 | Train Acc: 0.9987
 MNIST      | Test  Loss: 0.1748 | Test  Acc: 0.9507
 SVHN       | Test  Loss: 1.2021 | Test  Acc: 0.6177
 USPS       | Test  Loss: 0.1560 | Test  Acc: 0.9597
 SynthDigits| Test  Loss: 0.6371 | Test  Acc: 0.8012
 MNIST-M    | Test  Loss: 0.7635 | Test  Acc: 0.7539
============ Train epoch 94 ============
 MNIST      | Train Loss: 0.0114 | Train Acc: 1.0000
 SVHN       | Train Loss: 0.2668 | Train Acc: 0.9381
 USPS       | Train Loss: 0.0073 | Train Acc: 1.0000
 SynthDigits| Train Loss: 0.0099 | Train Acc: 1.0000
 MNIST-M    | Train Loss: 0.0131 | Train Acc: 1.0000
 MNIST      | Test  Loss: 0.1374 | Test  Acc: 0.9610
 SVHN       | Test  Loss: 1.2061 | Test  Acc: 0.6150
 USPS       | Test  Loss: 0.1649 | Test  Acc: 0.9581
 SynthDigits| Test  Loss: 0.6167 | Test  Acc: 0.8077
 MNIST-M    | Test  Loss: 0.6883 | Test  Acc: 0.7775
============ Train epoch 95 ============
 MNIST      | Train Loss: 0.0156 | Train Acc: 0.9973
 SVHN       | Train Loss: 0.2390 | Train Acc: 0.9489
 USPS       | Train Loss: 0.0066 | Train Acc: 1.0000
 SynthDigits| Train Loss: 0.0102 | Train Acc: 1.0000
 MNIST-M    | Train Loss: 0.0148 | Train Acc: 1.0000
 MNIST      | Test  Loss: 0.1469 | Test  Acc: 0.9554
 SVHN       | Test  Loss: 1.1666 | Test  Acc: 0.6265
 USPS       | Test  Loss: 0.1619 | Test  Acc: 0.9575
 SynthDigits| Test  Loss: 0.6189 | Test  Acc: 0.8070
 MNIST-M    | Test  Loss: 0.7004 | Test  Acc: 0.7731
============ Train epoch 96 ============
 MNIST      | Train Loss: 0.0131 | Train Acc: 1.0000
 SVHN       | Train Loss: 0.2119 | Train Acc: 0.9623
 USPS       | Train Loss: 0.0094 | Train Acc: 1.0000
 SynthDigits| Train Loss: 0.0111 | Train Acc: 1.0000
 MNIST-M    | Train Loss: 0.0135 | Train Acc: 1.0000
 MNIST      | Test  Loss: 0.1457 | Test  Acc: 0.9579
 SVHN       | Test  Loss: 1.1408 | Test  Acc: 0.6341
 USPS       | Test  Loss: 0.1660 | Test  Acc: 0.9586
 SynthDigits| Test  Loss: 0.6331 | Test  Acc: 0.8030
 MNIST-M    | Test  Loss: 0.6929 | Test  Acc: 0.7731
============ Train epoch 97 ============
 MNIST      | Train Loss: 0.0330 | Train Acc: 1.0000
 SVHN       | Train Loss: 0.3833 | Train Acc: 0.9044
 USPS       | Train Loss: 0.0239 | Train Acc: 0.9973
 SynthDigits| Train Loss: 0.0316 | Train Acc: 1.0000
 MNIST-M    | Train Loss: 0.0379 | Train Acc: 1.0000
 MNIST      | Test  Loss: 0.2382 | Test  Acc: 0.9296
 SVHN       | Test  Loss: 1.3389 | Test  Acc: 0.5742
 USPS       | Test  Loss: 0.1993 | Test  Acc: 0.9435
 SynthDigits| Test  Loss: 0.6995 | Test  Acc: 0.7802
 MNIST-M    | Test  Loss: 0.7805 | Test  Acc: 0.7421
============ Train epoch 98 ============
 MNIST      | Train Loss: 0.0102 | Train Acc: 1.0000
 SVHN       | Train Loss: 0.2297 | Train Acc: 0.9690
 USPS       | Train Loss: 0.0173 | Train Acc: 0.9960
 SynthDigits| Train Loss: 0.0164 | Train Acc: 1.0000
 MNIST-M    | Train Loss: 0.0331 | Train Acc: 1.0000
 MNIST      | Test  Loss: 0.1458 | Test  Acc: 0.9573
 SVHN       | Test  Loss: 1.1774 | Test  Acc: 0.6231
 USPS       | Test  Loss: 0.1822 | Test  Acc: 0.9478
 SynthDigits| Test  Loss: 0.6632 | Test  Acc: 0.7954
 MNIST-M    | Test  Loss: 0.7662 | Test  Acc: 0.7476
============ Train epoch 99 ============
 MNIST      | Train Loss: 0.0111 | Train Acc: 1.0000
 SVHN       | Train Loss: 0.2132 | Train Acc: 0.9717
 USPS       | Train Loss: 0.0112 | Train Acc: 1.0000
 SynthDigits| Train Loss: 0.0112 | Train Acc: 1.0000
 MNIST-M    | Train Loss: 0.0225 | Train Acc: 1.0000
 MNIST      | Test  Loss: 0.1424 | Test  Acc: 0.9586
 SVHN       | Test  Loss: 1.1497 | Test  Acc: 0.6296
 USPS       | Test  Loss: 0.1760 | Test  Acc: 0.9500
 SynthDigits| Test  Loss: 0.6369 | Test  Acc: 0.8029
 MNIST-M    | Test  Loss: 0.7669 | Test  Acc: 0.7486
 Saving checkpoints to ../checkpoint/digits/federated_digits/fedprox...
